[2m2025-09-28T09:29:34.064384Z[0m [32m INFO[0m [2mrgb_lightning_node::utils[0m[2m:[0m No DATABASE_URL found, running in single-user mode
[2m2025-09-28T09:29:34.066426Z[0m [32m INFO[0m [2mrgb_lightning_node[0m[2m:[0m Listening on 0.0.0.0:3001
[2m2025-09-28T09:29:49.787751Z[0m [32m INFO[0m [1mrequest[0m[1m{[0m[3muri[0m[2m=[0m/unlock [3mrequest_id[0m[2m=[0m96fc6ed7-15a6-4b81-b716-9833a2549342[1m}[0m[2m:[0m [2mrgb_lightning_node[0m[2m:[0m STARTED
[2m2025-09-28T09:29:49.788313Z[0m [32m INFO[0m [1mrequest[0m[1m{[0m[3muri[0m[2m=[0m/unlock [3mrequest_id[0m[2m=[0m96fc6ed7-15a6-4b81-b716-9833a2549342[1m}[0m[2m:[0m [2mrgb_lightning_node::routes[0m[2m:[0m Unlock started
[2m2025-09-28T09:29:50.429868Z[0m [32m INFO[0m [2melectrum_client::raw_client[0m[2m:[0m Trying to connect to 34.154.172.18:50013 (attempt 1/1) with timeout 10s    
[2m2025-09-28T09:29:51.503500Z[0m [32m INFO[0m [2mrgb_lightning_node::ldk[0m[2m:[0m Connected to an indexer with the Electrum protocol
[2m2025-09-28T09:29:52.154216Z[0m [32m INFO[0m [2mrgb_lightning_node::ldk[0m[2m:[0m Using a custom proxy
[2m2025-09-28T09:29:52.699220Z[0m [32m INFO[0m [2msqlx::query[0m[2m:[0m [3msummary[0m[2m=[0m"PRAGMA foreign_keys = ON; …" [3mdb.statement[0m[2m=[0m"\n\nPRAGMA foreign_keys = ON; \n" [3mrows_affected[0m[2m=[0m0 [3mrows_returned[0m[2m=[0m0 [3melapsed[0m[2m=[0m44.009µs [3melapsed_secs[0m[2m=[0m4.4009e-5
[2m2025-09-28T09:29:52.700232Z[0m [32m INFO[0m [2msqlx::query[0m[2m:[0m [3msummary[0m[2m=[0m"CREATE TABLE IF NOT …" [3mdb.statement[0m[2m=[0m"\n\nCREATE TABLE IF NOT EXISTS \"seaql_migrations\" ( \"version\" varchar NOT NULL PRIMARY KEY, \"applied_at\" bigint NOT NULL )\n" [3mrows_affected[0m[2m=[0m0 [3mrows_returned[0m[2m=[0m0 [3melapsed[0m[2m=[0m577.896µs [3melapsed_secs[0m[2m=[0m0.000577896
[2m2025-09-28T09:29:52.700370Z[0m [32m INFO[0m [2msea_orm_migration::migrator[0m[2m:[0m Applying all pending migrations
[2m2025-09-28T09:29:52.700574Z[0m [32m INFO[0m [2msqlx::query[0m[2m:[0m [3msummary[0m[2m=[0m"CREATE TABLE IF NOT …" [3mdb.statement[0m[2m=[0m"\n\nCREATE TABLE IF NOT EXISTS \"seaql_migrations\" ( \"version\" varchar NOT NULL PRIMARY KEY, \"applied_at\" bigint NOT NULL )\n" [3mrows_affected[0m[2m=[0m0 [3mrows_returned[0m[2m=[0m0 [3melapsed[0m[2m=[0m28.082µs [3melapsed_secs[0m[2m=[0m2.8082e-5
[2m2025-09-28T09:29:52.700934Z[0m [32m INFO[0m [2msqlx::query[0m[2m:[0m [3msummary[0m[2m=[0m"CREATE TABLE IF NOT …" [3mdb.statement[0m[2m=[0m"\n\nCREATE TABLE IF NOT EXISTS \"seaql_migrations\" ( \"version\" varchar NOT NULL PRIMARY KEY, \"applied_at\" bigint NOT NULL )\n" [3mrows_affected[0m[2m=[0m0 [3mrows_returned[0m[2m=[0m0 [3melapsed[0m[2m=[0m56.064µs [3melapsed_secs[0m[2m=[0m5.6064e-5
[2m2025-09-28T09:29:52.701320Z[0m [32m INFO[0m [2msqlx::query[0m[2m:[0m [3msummary[0m[2m=[0m"CREATE TABLE IF NOT …" [3mdb.statement[0m[2m=[0m"\n\nCREATE TABLE IF NOT EXISTS \"seaql_migrations\" ( \"version\" varchar NOT NULL PRIMARY KEY, \"applied_at\" bigint NOT NULL )\n" [3mrows_affected[0m[2m=[0m0 [3mrows_returned[0m[2m=[0m0 [3melapsed[0m[2m=[0m32.544µs [3melapsed_secs[0m[2m=[0m3.2544e-5
[2m2025-09-28T09:29:52.701737Z[0m [32m INFO[0m [2msqlx::query[0m[2m:[0m [3msummary[0m[2m=[0m"SELECT \"version\", \"applied_at\" FROM …" [3mdb.statement[0m[2m=[0m"\n\nSELECT \"version\", \"applied_at\" FROM \"seaql_migrations\" ORDER BY \"version\" ASC\n" [3mrows_affected[0m[2m=[0m0 [3mrows_returned[0m[2m=[0m1 [3melapsed[0m[2m=[0m138.753µs [3melapsed_secs[0m[2m=[0m0.000138753
[2m2025-09-28T09:29:52.701914Z[0m [32m INFO[0m [2msea_orm_migration::migrator[0m[2m:[0m No pending migrations
[2m2025-09-28T09:29:52.707866Z[0m [32m INFO[0m [2melectrum_client::raw_client[0m[2m:[0m Trying to connect to 34.154.172.18:50013 (attempt 1/1) with timeout 10s    
[2m2025-09-28T09:29:53.828478Z[0m [32m INFO[0m [2melectrum::raw_client[0m[2m:[0m Trying to connect to 34.154.172.18:50013 (attempt 1/1) with timeout 10s    
[2m2025-09-28T09:30:00.069148Z[0m [32m INFO[0m [2msqlx::query[0m[2m:[0m [3msummary[0m[2m=[0m"SELECT \"txo\".\"idx\", \"txo\".\"txid\", \"txo\".\"vout\", …" [3mdb.statement[0m[2m=[0m"\n\nSELECT \"txo\".\"idx\", \"txo\".\"txid\", \"txo\".\"vout\", \"txo\".\"btc_amount\", \"txo\".\"spent\", \"txo\".\"exists\", \"txo\".\"pending_witness\" FROM \"txo\"\n" [3mrows_affected[0m[2m=[0m0 [3mrows_returned[0m[2m=[0m0 [3melapsed[0m[2m=[0m175.868µs [3melapsed_secs[0m[2m=[0m0.000175868
[2m2025-09-28T09:30:08.072902Z[0m [31mERROR[0m [1mrequest[0m[1m{[0m[3muri[0m[2m=[0m/unlock [3mrequest_id[0m[2m=[0m96fc6ed7-15a6-4b81-b716-9833a2549342[1m}[0m[2m:[0m [2mrgb_lightning_node::error[0m[2m:[0m APIError: Unexpected error: Unmapped rgb-lib error: Internal { details: "Database error: Failed to acquire connection from pool: Connection pool timed out" }
[2m2025-09-28T09:30:08.073156Z[0m [32m INFO[0m [1mrequest[0m[1m{[0m[3muri[0m[2m=[0m/unlock [3mrequest_id[0m[2m=[0m96fc6ed7-15a6-4b81-b716-9833a2549342 [3mstatus_code[0m[2m=[0m500 Internal Server Error[1m}[0m[2m:[0m [2mrgb_lightning_node[0m[2m:[0m ENDED in 18.285571896s
[2m2025-09-28T09:30:08.073297Z[0m [31mERROR[0m [1mrequest[0m[1m{[0m[3muri[0m[2m=[0m/unlock [3mrequest_id[0m[2m=[0m96fc6ed7-15a6-4b81-b716-9833a2549342 [3mstatus_code[0m[2m=[0m500 Internal Server Error[1m}[0m[2m:[0m [2mtower_http::trace::on_failure[0m[2m:[0m response failed [3mclassification[0m[2m=[0mStatus code: 500 Internal Server Error [3mlatency[0m[2m=[0m18285 ms
[2m2025-09-28T09:42:34.901588Z[0m [32m INFO[0m [1mrequest[0m[1m{[0m[3muri[0m[2m=[0m/unlock [3mrequest_id[0m[2m=[0m389b8464-49c6-4a8d-add7-dde3aa3c77f8[1m}[0m[2m:[0m [2mrgb_lightning_node[0m[2m:[0m STARTED
[2m2025-09-28T09:42:34.902059Z[0m [32m INFO[0m [1mrequest[0m[1m{[0m[3muri[0m[2m=[0m/unlock [3mrequest_id[0m[2m=[0m389b8464-49c6-4a8d-add7-dde3aa3c77f8[1m}[0m[2m:[0m [2mrgb_lightning_node::routes[0m[2m:[0m Unlock started
[2m2025-09-28T09:42:35.562762Z[0m [32m INFO[0m [2melectrum_client::raw_client[0m[2m:[0m Trying to connect to 34.154.172.18:50013 (attempt 1/1) with timeout 10s    
[2m2025-09-28T09:42:36.684903Z[0m [32m INFO[0m [2mrgb_lightning_node::ldk[0m[2m:[0m Connected to an indexer with the Electrum protocol
[2m2025-09-28T09:43:13.630788Z[0m [32m INFO[0m [2mrgb_lightning_node::ldk[0m[2m:[0m Using a custom proxy
[2m2025-09-28T09:43:14.404753Z[0m [32m INFO[0m [2msqlx::query[0m[2m:[0m [3msummary[0m[2m=[0m"PRAGMA foreign_keys = ON; …" [3mdb.statement[0m[2m=[0m"\n\nPRAGMA foreign_keys = ON; \n" [3mrows_affected[0m[2m=[0m0 [3mrows_returned[0m[2m=[0m0 [3melapsed[0m[2m=[0m70.286µs [3melapsed_secs[0m[2m=[0m7.0286e-5
[2m2025-09-28T09:43:14.405801Z[0m [32m INFO[0m [2msqlx::query[0m[2m:[0m [3msummary[0m[2m=[0m"CREATE TABLE IF NOT …" [3mdb.statement[0m[2m=[0m"\n\nCREATE TABLE IF NOT EXISTS \"seaql_migrations\" ( \"version\" varchar NOT NULL PRIMARY KEY, \"applied_at\" bigint NOT NULL )\n" [3mrows_affected[0m[2m=[0m0 [3mrows_returned[0m[2m=[0m0 [3melapsed[0m[2m=[0m553.014µs [3melapsed_secs[0m[2m=[0m0.000553014
[2m2025-09-28T09:43:14.405943Z[0m [32m INFO[0m [2msea_orm_migration::migrator[0m[2m:[0m Applying all pending migrations
[2m2025-09-28T09:43:14.406221Z[0m [32m INFO[0m [2msqlx::query[0m[2m:[0m [3msummary[0m[2m=[0m"CREATE TABLE IF NOT …" [3mdb.statement[0m[2m=[0m"\n\nCREATE TABLE IF NOT EXISTS \"seaql_migrations\" ( \"version\" varchar NOT NULL PRIMARY KEY, \"applied_at\" bigint NOT NULL )\n" [3mrows_affected[0m[2m=[0m0 [3mrows_returned[0m[2m=[0m0 [3melapsed[0m[2m=[0m33.052µs [3melapsed_secs[0m[2m=[0m3.3052e-5
[2m2025-09-28T09:43:14.406502Z[0m [32m INFO[0m [2msqlx::query[0m[2m:[0m [3msummary[0m[2m=[0m"CREATE TABLE IF NOT …" [3mdb.statement[0m[2m=[0m"\n\nCREATE TABLE IF NOT EXISTS \"seaql_migrations\" ( \"version\" varchar NOT NULL PRIMARY KEY, \"applied_at\" bigint NOT NULL )\n" [3mrows_affected[0m[2m=[0m0 [3mrows_returned[0m[2m=[0m0 [3melapsed[0m[2m=[0m26.086µs [3melapsed_secs[0m[2m=[0m2.6086e-5
[2m2025-09-28T09:43:14.406799Z[0m [32m INFO[0m [2msqlx::query[0m[2m:[0m [3msummary[0m[2m=[0m"CREATE TABLE IF NOT …" [3mdb.statement[0m[2m=[0m"\n\nCREATE TABLE IF NOT EXISTS \"seaql_migrations\" ( \"version\" varchar NOT NULL PRIMARY KEY, \"applied_at\" bigint NOT NULL )\n" [3mrows_affected[0m[2m=[0m0 [3mrows_returned[0m[2m=[0m0 [3melapsed[0m[2m=[0m29.423µs [3melapsed_secs[0m[2m=[0m2.9423e-5
[2m2025-09-28T09:43:14.407190Z[0m [32m INFO[0m [2msqlx::query[0m[2m:[0m [3msummary[0m[2m=[0m"SELECT \"version\", \"applied_at\" FROM …" [3mdb.statement[0m[2m=[0m"\n\nSELECT \"version\", \"applied_at\" FROM \"seaql_migrations\" ORDER BY \"version\" ASC\n" [3mrows_affected[0m[2m=[0m0 [3mrows_returned[0m[2m=[0m1 [3melapsed[0m[2m=[0m113.793µs [3melapsed_secs[0m[2m=[0m0.000113793
[2m2025-09-28T09:43:14.407384Z[0m [32m INFO[0m [2msea_orm_migration::migrator[0m[2m:[0m No pending migrations
[2m2025-09-28T09:43:14.413007Z[0m [32m INFO[0m [2melectrum_client::raw_client[0m[2m:[0m Trying to connect to 34.154.172.18:50013 (attempt 1/1) with timeout 10s    
[2m2025-09-28T09:43:15.695888Z[0m [32m INFO[0m [2melectrum::raw_client[0m[2m:[0m Trying to connect to 34.154.172.18:50013 (attempt 1/1) with timeout 10s    
[2m2025-09-28T09:43:22.793924Z[0m [32m INFO[0m [2msqlx::query[0m[2m:[0m [3msummary[0m[2m=[0m"PRAGMA foreign_keys = ON; …" [3mdb.statement[0m[2m=[0m"\n\nPRAGMA foreign_keys = ON; \n" [3mrows_affected[0m[2m=[0m0 [3mrows_returned[0m[2m=[0m0 [3melapsed[0m[2m=[0m123.687µs [3melapsed_secs[0m[2m=[0m0.000123687
[2m2025-09-28T09:43:22.796062Z[0m [32m INFO[0m [2msqlx::query[0m[2m:[0m [3msummary[0m[2m=[0m"SELECT \"txo\".\"idx\", \"txo\".\"txid\", \"txo\".\"vout\", …" [3mdb.statement[0m[2m=[0m"\n\nSELECT \"txo\".\"idx\", \"txo\".\"txid\", \"txo\".\"vout\", \"txo\".\"btc_amount\", \"txo\".\"spent\", \"txo\".\"exists\", \"txo\".\"pending_witness\" FROM \"txo\"\n" [3mrows_affected[0m[2m=[0m0 [3mrows_returned[0m[2m=[0m0 [3melapsed[0m[2m=[0m1.507001ms [3melapsed_secs[0m[2m=[0m0.001507001
[2m2025-09-28T09:43:30.802500Z[0m [31mERROR[0m [1mrequest[0m[1m{[0m[3muri[0m[2m=[0m/unlock [3mrequest_id[0m[2m=[0m389b8464-49c6-4a8d-add7-dde3aa3c77f8[1m}[0m[2m:[0m [2mrgb_lightning_node::error[0m[2m:[0m APIError: Unexpected error: Unmapped rgb-lib error: Internal { details: "Database error: Failed to acquire connection from pool: Connection pool timed out" }
[2m2025-09-28T09:43:30.803042Z[0m [32m INFO[0m [1mrequest[0m[1m{[0m[3muri[0m[2m=[0m/unlock [3mrequest_id[0m[2m=[0m389b8464-49c6-4a8d-add7-dde3aa3c77f8 [3mstatus_code[0m[2m=[0m500 Internal Server Error[1m}[0m[2m:[0m [2mrgb_lightning_node[0m[2m:[0m ENDED in 55.901504301s
[2m2025-09-28T09:43:30.803293Z[0m [31mERROR[0m [1mrequest[0m[1m{[0m[3muri[0m[2m=[0m/unlock [3mrequest_id[0m[2m=[0m389b8464-49c6-4a8d-add7-dde3aa3c77f8 [3mstatus_code[0m[2m=[0m500 Internal Server Error[1m}[0m[2m:[0m [2mtower_http::trace::on_failure[0m[2m:[0m response failed [3mclassification[0m[2m=[0mStatus code: 500 Internal Server Error [3mlatency[0m[2m=[0m55901 ms
[2m2025-09-28T09:45:37.980692Z[0m [32m INFO[0m [2mrgb_lightning_node[0m[2m:[0m Received a shutdown signal
[2m2025-09-28T09:45:37.980814Z[0m [32m INFO[0m [2mrgb_lightning_node::ldk[0m[2m:[0m Stopping LDK
[2m2025-09-28T09:45:37.980859Z[0m [32m INFO[0m [2mrgb_lightning_node::ldk[0m[2m:[0m LDK is not running
[2m2025-09-28T09:45:38.982026Z[0m [32m INFO[0m [2mrgb_lightning_node::ldk[0m[2m:[0m Stopped LDK
