[2m2025-09-28T09:45:49.184641Z[0m [32m INFO[0m [2mrgb_lightning_node::utils[0m[2m:[0m No DATABASE_URL found, running in single-user mode
[2m2025-09-28T09:45:49.187061Z[0m [32m INFO[0m [2mrgb_lightning_node[0m[2m:[0m Listening on 0.0.0.0:3001
[2m2025-09-28T09:46:11.340197Z[0m [32m INFO[0m [1mrequest[0m[1m{[0m[3muri[0m[2m=[0m/unlock [3mrequest_id[0m[2m=[0m31f3fd20-9d28-49bd-bcab-e7c9b99e701e[1m}[0m[2m:[0m [2mrgb_lightning_node[0m[2m:[0m STARTED
[2m2025-09-28T09:46:11.341252Z[0m [32m INFO[0m [1mrequest[0m[1m{[0m[3muri[0m[2m=[0m/unlock [3mrequest_id[0m[2m=[0m31f3fd20-9d28-49bd-bcab-e7c9b99e701e[1m}[0m[2m:[0m [2mrgb_lightning_node::routes[0m[2m:[0m Unlock started
[2m2025-09-28T09:46:11.820921Z[0m [32m INFO[0m [2melectrum_client::raw_client[0m[2m:[0m Trying to connect to 34.154.172.18:50013 (attempt 1/1) with timeout 10s    
[2m2025-09-28T09:46:13.030577Z[0m [32m INFO[0m [2mrgb_lightning_node::ldk[0m[2m:[0m Connected to an indexer with the Electrum protocol
[2m2025-09-28T09:46:13.611406Z[0m [32m INFO[0m [2mrgb_lightning_node::ldk[0m[2m:[0m Using a custom proxy
[2m2025-09-28T09:46:14.129515Z[0m [32m INFO[0m [2msqlx::query[0m[2m:[0m [3msummary[0m[2m=[0m"PRAGMA foreign_keys = ON; …" [3mdb.statement[0m[2m=[0m"\n\nPRAGMA foreign_keys = ON; \n" [3mrows_affected[0m[2m=[0m0 [3mrows_returned[0m[2m=[0m0 [3melapsed[0m[2m=[0m36.968µs [3melapsed_secs[0m[2m=[0m3.6968e-5
[2m2025-09-28T09:46:14.130816Z[0m [32m INFO[0m [2msqlx::query[0m[2m:[0m [3msummary[0m[2m=[0m"CREATE TABLE IF NOT …" [3mdb.statement[0m[2m=[0m"\n\nCREATE TABLE IF NOT EXISTS \"seaql_migrations\" ( \"version\" varchar NOT NULL PRIMARY KEY, \"applied_at\" bigint NOT NULL )\n" [3mrows_affected[0m[2m=[0m0 [3mrows_returned[0m[2m=[0m0 [3melapsed[0m[2m=[0m585.826µs [3melapsed_secs[0m[2m=[0m0.000585826
[2m2025-09-28T09:46:14.131035Z[0m [32m INFO[0m [2msea_orm_migration::migrator[0m[2m:[0m Applying all pending migrations
[2m2025-09-28T09:46:14.131320Z[0m [32m INFO[0m [2msqlx::query[0m[2m:[0m [3msummary[0m[2m=[0m"CREATE TABLE IF NOT …" [3mdb.statement[0m[2m=[0m"\n\nCREATE TABLE IF NOT EXISTS \"seaql_migrations\" ( \"version\" varchar NOT NULL PRIMARY KEY, \"applied_at\" bigint NOT NULL )\n" [3mrows_affected[0m[2m=[0m0 [3mrows_returned[0m[2m=[0m0 [3melapsed[0m[2m=[0m27.837µs [3melapsed_secs[0m[2m=[0m2.7837e-5
[2m2025-09-28T09:46:14.131659Z[0m [32m INFO[0m [2msqlx::query[0m[2m:[0m [3msummary[0m[2m=[0m"CREATE TABLE IF NOT …" [3mdb.statement[0m[2m=[0m"\n\nCREATE TABLE IF NOT EXISTS \"seaql_migrations\" ( \"version\" varchar NOT NULL PRIMARY KEY, \"applied_at\" bigint NOT NULL )\n" [3mrows_affected[0m[2m=[0m0 [3mrows_returned[0m[2m=[0m0 [3melapsed[0m[2m=[0m31.658µs [3melapsed_secs[0m[2m=[0m3.1658e-5
[2m2025-09-28T09:46:14.132112Z[0m [32m INFO[0m [2msqlx::query[0m[2m:[0m [3msummary[0m[2m=[0m"CREATE TABLE IF NOT …" [3mdb.statement[0m[2m=[0m"\n\nCREATE TABLE IF NOT EXISTS \"seaql_migrations\" ( \"version\" varchar NOT NULL PRIMARY KEY, \"applied_at\" bigint NOT NULL )\n" [3mrows_affected[0m[2m=[0m0 [3mrows_returned[0m[2m=[0m0 [3melapsed[0m[2m=[0m20.152µs [3melapsed_secs[0m[2m=[0m2.0152e-5
[2m2025-09-28T09:46:14.132528Z[0m [32m INFO[0m [2msqlx::query[0m[2m:[0m [3msummary[0m[2m=[0m"SELECT \"version\", \"applied_at\" FROM …" [3mdb.statement[0m[2m=[0m"\n\nSELECT \"version\", \"applied_at\" FROM \"seaql_migrations\" ORDER BY \"version\" ASC\n" [3mrows_affected[0m[2m=[0m0 [3mrows_returned[0m[2m=[0m1 [3melapsed[0m[2m=[0m97.034µs [3melapsed_secs[0m[2m=[0m9.7034e-5
[2m2025-09-28T09:46:14.132752Z[0m [32m INFO[0m [2msea_orm_migration::migrator[0m[2m:[0m No pending migrations
[2m2025-09-28T09:46:14.139166Z[0m [32m INFO[0m [2melectrum_client::raw_client[0m[2m:[0m Trying to connect to 34.154.172.18:50013 (attempt 1/1) with timeout 10s    
[2m2025-09-28T09:46:15.285792Z[0m [32m INFO[0m [2melectrum::raw_client[0m[2m:[0m Trying to connect to 34.154.172.18:50013 (attempt 1/1) with timeout 10s    
[2m2025-09-28T09:46:21.408239Z[0m [32m INFO[0m [2msqlx::query[0m[2m:[0m [3msummary[0m[2m=[0m"SELECT \"txo\".\"idx\", \"txo\".\"txid\", \"txo\".\"vout\", …" [3mdb.statement[0m[2m=[0m"\n\nSELECT \"txo\".\"idx\", \"txo\".\"txid\", \"txo\".\"vout\", \"txo\".\"btc_amount\", \"txo\".\"spent\", \"txo\".\"exists\", \"txo\".\"pending_witness\" FROM \"txo\"\n" [3mrows_affected[0m[2m=[0m0 [3mrows_returned[0m[2m=[0m0 [3melapsed[0m[2m=[0m397.737µs [3melapsed_secs[0m[2m=[0m0.000397737
[2m2025-09-28T09:46:29.414715Z[0m [31mERROR[0m [1mrequest[0m[1m{[0m[3muri[0m[2m=[0m/unlock [3mrequest_id[0m[2m=[0m31f3fd20-9d28-49bd-bcab-e7c9b99e701e[1m}[0m[2m:[0m [2mrgb_lightning_node::error[0m[2m:[0m APIError: Unexpected error: Unmapped rgb-lib error: Internal { details: "Database error: Failed to acquire connection from pool: Connection pool timed out" }
[2m2025-09-28T09:46:29.415314Z[0m [32m INFO[0m [1mrequest[0m[1m{[0m[3muri[0m[2m=[0m/unlock [3mrequest_id[0m[2m=[0m31f3fd20-9d28-49bd-bcab-e7c9b99e701e [3mstatus_code[0m[2m=[0m500 Internal Server Error[1m}[0m[2m:[0m [2mrgb_lightning_node[0m[2m:[0m ENDED in 18.075339988s
[2m2025-09-28T09:46:29.415563Z[0m [31mERROR[0m [1mrequest[0m[1m{[0m[3muri[0m[2m=[0m/unlock [3mrequest_id[0m[2m=[0m31f3fd20-9d28-49bd-bcab-e7c9b99e701e [3mstatus_code[0m[2m=[0m500 Internal Server Error[1m}[0m[2m:[0m [2mtower_http::trace::on_failure[0m[2m:[0m response failed [3mclassification[0m[2m=[0mStatus code: 500 Internal Server Error [3mlatency[0m[2m=[0m18075 ms
[2m2025-09-28T09:50:39.436293Z[0m [32m INFO[0m [2mrgb_lightning_node[0m[2m:[0m Received a shutdown signal
[2m2025-09-28T09:50:39.436521Z[0m [32m INFO[0m [2mrgb_lightning_node::ldk[0m[2m:[0m Stopping LDK
[2m2025-09-28T09:50:39.436557Z[0m [32m INFO[0m [2mrgb_lightning_node::ldk[0m[2m:[0m LDK is not running
[2m2025-09-28T09:50:40.437925Z[0m [32m INFO[0m [2mrgb_lightning_node::ldk[0m[2m:[0m Stopped LDK
