[2m2025-10-25T20:38:51.350929Z[0m [32m INFO[0m [2mrgb_lightning_node::utils[0m[2m:[0m DATABASE_URL found - multi-user support will be enabled after unlock
[2m2025-10-25T20:38:51.353174Z[0m [32m INFO[0m [2mrgb_lightning_node[0m[2m:[0m Listening on 0.0.0.0:3001
[2m2025-10-25T20:39:01.353229Z[0m [32m INFO[0m [1mrequest[0m[1m{[0m[3muri[0m[2m=[0m/networkinfo [3mrequest_id[0m[2m=[0mf7fe3fc1-1d14-4fa1-9b06-612a375bf077[1m}[0m[2m:[0m [2mrgb_lightning_node[0m[2m:[0m STARTED
[2m2025-10-25T20:39:01.353740Z[0m [31mERROR[0m [1mrequest[0m[1m{[0m[3muri[0m[2m=[0m/networkinfo [3mrequest_id[0m[2m=[0mf7fe3fc1-1d14-4fa1-9b06-612a375bf077[1m}[0m[2m:[0m [2mrgb_lightning_node::error[0m[2m:[0m APIError: Node is locked (hint: call unlock)
[2m2025-10-25T20:39:01.354364Z[0m [32m INFO[0m [1mrequest[0m[1m{[0m[3muri[0m[2m=[0m/networkinfo [3mrequest_id[0m[2m=[0mf7fe3fc1-1d14-4fa1-9b06-612a375bf077 [3mstatus_code[0m[2m=[0m403 Forbidden[1m}[0m[2m:[0m [2mrgb_lightning_node[0m[2m:[0m ENDED in 1.343281ms
[2m2025-10-25T20:39:31.366761Z[0m [32m INFO[0m [1mrequest[0m[1m{[0m[3muri[0m[2m=[0m/unlock [3mrequest_id[0m[2m=[0mbe7d1af8-84b0-4972-ada7-bafa9d35abe0[1m}[0m[2m:[0m [2mrgb_lightning_node[0m[2m:[0m STARTED
[2m2025-10-25T20:39:31.367265Z[0m [31mERROR[0m [1mrequest[0m[1m{[0m[3muri[0m[2m=[0m/unlock [3mrequest_id[0m[2m=[0mbe7d1af8-84b0-4972-ada7-bafa9d35abe0[1m}[0m[2m:[0m [2mrgb_lightning_node::error[0m[2m:[0m APIError: Failed to deserialize the JSON body into the target type: missing field `announce_addresses` at line 9 column 5
[2m2025-10-25T20:39:31.367519Z[0m [32m INFO[0m [1mrequest[0m[1m{[0m[3muri[0m[2m=[0m/unlock [3mrequest_id[0m[2m=[0mbe7d1af8-84b0-4972-ada7-bafa9d35abe0 [3mstatus_code[0m[2m=[0m422 Unprocessable Entity[1m}[0m[2m:[0m [2mrgb_lightning_node[0m[2m:[0m ENDED in 854.533µs
[2m2025-10-25T20:39:31.375118Z[0m [32m INFO[0m [1mrequest[0m[1m{[0m[3muri[0m[2m=[0m/nodeinfo [3mrequest_id[0m[2m=[0m1f599e77-a14c-474c-a7c9-1bdc1840d63c[1m}[0m[2m:[0m [2mrgb_lightning_node[0m[2m:[0m STARTED
[2m2025-10-25T20:39:31.375372Z[0m [31mERROR[0m [1mrequest[0m[1m{[0m[3muri[0m[2m=[0m/nodeinfo [3mrequest_id[0m[2m=[0m1f599e77-a14c-474c-a7c9-1bdc1840d63c[1m}[0m[2m:[0m [2mrgb_lightning_node::error[0m[2m:[0m APIError: Node is locked (hint: call unlock)
[2m2025-10-25T20:39:31.375566Z[0m [32m INFO[0m [1mrequest[0m[1m{[0m[3muri[0m[2m=[0m/nodeinfo [3mrequest_id[0m[2m=[0m1f599e77-a14c-474c-a7c9-1bdc1840d63c [3mstatus_code[0m[2m=[0m403 Forbidden[1m}[0m[2m:[0m [2mrgb_lightning_node[0m[2m:[0m ENDED in 552.777µs
[2m2025-10-25T20:39:56.461582Z[0m [32m INFO[0m [1mrequest[0m[1m{[0m[3muri[0m[2m=[0m/unlock [3mrequest_id[0m[2m=[0mb41a8d07-3d63-4a5d-9eaa-d53c64f0a000[1m}[0m[2m:[0m [2mrgb_lightning_node[0m[2m:[0m STARTED
[2m2025-10-25T20:39:56.462228Z[0m [32m INFO[0m [1mrequest[0m[1m{[0m[3muri[0m[2m=[0m/unlock [3mrequest_id[0m[2m=[0mb41a8d07-3d63-4a5d-9eaa-d53c64f0a000[1m}[0m[2m:[0m [2mrgb_lightning_node::routes[0m[2m:[0m Unlock started
[2m2025-10-25T20:39:56.462671Z[0m [31mERROR[0m [1mrequest[0m[1m{[0m[3muri[0m[2m=[0m/unlock [3mrequest_id[0m[2m=[0mb41a8d07-3d63-4a5d-9eaa-d53c64f0a000[1m}[0m[2m:[0m [2mrgb_lightning_node::error[0m[2m:[0m APIError: Wallet has not been initialized (hint: call init)
[2m2025-10-25T20:39:56.462966Z[0m [32m INFO[0m [1mrequest[0m[1m{[0m[3muri[0m[2m=[0m/unlock [3mrequest_id[0m[2m=[0mb41a8d07-3d63-4a5d-9eaa-d53c64f0a000 [3mstatus_code[0m[2m=[0m403 Forbidden[1m}[0m[2m:[0m [2mrgb_lightning_node[0m[2m:[0m ENDED in 1.491838ms
[2m2025-10-25T20:40:05.969493Z[0m [32m INFO[0m [1mrequest[0m[1m{[0m[3muri[0m[2m=[0m/init [3mrequest_id[0m[2m=[0m2d474978-d59e-46f6-a82f-531fdda757f6[1m}[0m[2m:[0m [2mrgb_lightning_node[0m[2m:[0m STARTED
[2m2025-10-25T20:40:06.055311Z[0m [32m INFO[0m [2mrgb_lightning_node::utils[0m[2m:[0m Created a new wallet
[2m2025-10-25T20:40:06.055839Z[0m [32m INFO[0m [1mrequest[0m[1m{[0m[3muri[0m[2m=[0m/init [3mrequest_id[0m[2m=[0m2d474978-d59e-46f6-a82f-531fdda757f6 [3mstatus_code[0m[2m=[0m200 OK[1m}[0m[2m:[0m [2mrgb_lightning_node[0m[2m:[0m ENDED in 86.487439ms
[2m2025-10-25T20:40:15.531454Z[0m [32m INFO[0m [1mrequest[0m[1m{[0m[3muri[0m[2m=[0m/unlock [3mrequest_id[0m[2m=[0mcde3cb8f-e845-4b7a-8ff3-c4dceeee00e3[1m}[0m[2m:[0m [2mrgb_lightning_node[0m[2m:[0m STARTED
[2m2025-10-25T20:40:15.531731Z[0m [32m INFO[0m [1mrequest[0m[1m{[0m[3muri[0m[2m=[0m/unlock [3mrequest_id[0m[2m=[0mcde3cb8f-e845-4b7a-8ff3-c4dceeee00e3[1m}[0m[2m:[0m [2mrgb_lightning_node::routes[0m[2m:[0m Unlock started
[2m2025-10-25T20:40:15.532563Z[0m [31mERROR[0m [1mrequest[0m[1m{[0m[3muri[0m[2m=[0m/unlock [3mrequest_id[0m[2m=[0mcde3cb8f-e845-4b7a-8ff3-c4dceeee00e3[1m}[0m[2m:[0m [2mrgb_lightning_node::error[0m[2m:[0m APIError: Failed to connect to bitcoind client: failed to make initial call to bitcoind - please check your RPC user/password and access settings
[2m2025-10-25T20:40:15.532723Z[0m [32m INFO[0m [1mrequest[0m[1m{[0m[3muri[0m[2m=[0m/unlock [3mrequest_id[0m[2m=[0mcde3cb8f-e845-4b7a-8ff3-c4dceeee00e3 [3mstatus_code[0m[2m=[0m403 Forbidden[1m}[0m[2m:[0m [2mrgb_lightning_node[0m[2m:[0m ENDED in 1.330251ms
[2m2025-10-25T20:40:25.517438Z[0m [32m INFO[0m [1mrequest[0m[1m{[0m[3muri[0m[2m=[0m/unlock [3mrequest_id[0m[2m=[0m6a6eb458-bded-4542-ad5b-1b5adf1a212e[1m}[0m[2m:[0m [2mrgb_lightning_node[0m[2m:[0m STARTED
[2m2025-10-25T20:40:25.517784Z[0m [32m INFO[0m [1mrequest[0m[1m{[0m[3muri[0m[2m=[0m/unlock [3mrequest_id[0m[2m=[0m6a6eb458-bded-4542-ad5b-1b5adf1a212e[1m}[0m[2m:[0m [2mrgb_lightning_node::routes[0m[2m:[0m Unlock started
[2m2025-10-25T20:40:25.518774Z[0m [31mERROR[0m [1mrequest[0m[1m{[0m[3muri[0m[2m=[0m/unlock [3mrequest_id[0m[2m=[0m6a6eb458-bded-4542-ad5b-1b5adf1a212e[1m}[0m[2m:[0m [2mrgb_lightning_node::error[0m[2m:[0m APIError: Failed to connect to bitcoind client: failed to make initial call to bitcoind - please check your RPC user/password and access settings
[2m2025-10-25T20:40:25.519043Z[0m [32m INFO[0m [1mrequest[0m[1m{[0m[3muri[0m[2m=[0m/unlock [3mrequest_id[0m[2m=[0m6a6eb458-bded-4542-ad5b-1b5adf1a212e [3mstatus_code[0m[2m=[0m403 Forbidden[1m}[0m[2m:[0m [2mrgb_lightning_node[0m[2m:[0m ENDED in 1.657809ms
[2m2025-10-25T20:40:36.428238Z[0m [32m INFO[0m [1mrequest[0m[1m{[0m[3muri[0m[2m=[0m/unlock [3mrequest_id[0m[2m=[0m9c6b8ae2-01c3-4dec-8d28-8d54e6e7648c[1m}[0m[2m:[0m [2mrgb_lightning_node[0m[2m:[0m STARTED
[2m2025-10-25T20:40:36.428478Z[0m [32m INFO[0m [1mrequest[0m[1m{[0m[3muri[0m[2m=[0m/unlock [3mrequest_id[0m[2m=[0m9c6b8ae2-01c3-4dec-8d28-8d54e6e7648c[1m}[0m[2m:[0m [2mrgb_lightning_node::routes[0m[2m:[0m Unlock started
[2m2025-10-25T20:40:36.943815Z[0m [31mERROR[0m [1mrequest[0m[1m{[0m[3muri[0m[2m=[0m/unlock [3mrequest_id[0m[2m=[0m9c6b8ae2-01c3-4dec-8d28-8d54e6e7648c[1m}[0m[2m:[0m [2mrgb_lightning_node::error[0m[2m:[0m APIError: The network of the given bitcoind (test) doesn't match the node's chain (Signet)
[2m2025-10-25T20:40:36.944093Z[0m [32m INFO[0m [1mrequest[0m[1m{[0m[3muri[0m[2m=[0m/unlock [3mrequest_id[0m[2m=[0m9c6b8ae2-01c3-4dec-8d28-8d54e6e7648c [3mstatus_code[0m[2m=[0m403 Forbidden[1m}[0m[2m:[0m [2mrgb_lightning_node[0m[2m:[0m ENDED in 515.872732ms
[2m2025-10-25T20:41:00.377445Z[0m [32m INFO[0m [2mrgb_lightning_node[0m[2m:[0m Received a shutdown signal
[2m2025-10-25T20:41:00.377616Z[0m [32m INFO[0m [2mrgb_lightning_node::ldk[0m[2m:[0m Stopping LDK
[2m2025-10-25T20:41:00.377709Z[0m [32m INFO[0m [2mrgb_lightning_node::ldk[0m[2m:[0m LDK is not running
[2m2025-10-25T20:41:01.378925Z[0m [32m INFO[0m [2mrgb_lightning_node::ldk[0m[2m:[0m Stopped LDK
