warning: unused import: `SecretKey`
 --> src/hsm_provider.rs:1:37
  |
1 | use bitcoin::secp256k1::{PublicKey, SecretKey};
  |                                     ^^^^^^^^^
  |
  = note: `#[warn(unused_imports)]` on by default

warning: unused import: `Row`
 --> src/rgb_db_adapter.rs:1:20
  |
1 | use sqlx::{PgPool, Row};
  |                    ^^^

warning: unused import: `std::path::Path`
 --> src/sqlite_proxy.rs:2:5
  |
2 | use std::path::Path;
  |     ^^^^^^^^^^^^^^^

warning: unused import: `crate::telegram_integration::TelegramIntegration`
 --> src/user_api.rs:4:5
  |
4 | use crate::telegram_integration::TelegramIntegration;
  |     ^^^^^^^^^^^^^^^^^^^^^^^^^^^^^^^^^^^^^^^^^^^^^^^^

warning: unused import: `crate::virtual_htlc::VirtualHtlcManager`
 --> src/virtual_context.rs:4:5
  |
4 | use crate::virtual_htlc::VirtualHtlcManager;
  |     ^^^^^^^^^^^^^^^^^^^^^^^^^^^^^^^^^^^^^^^

warning: unused import: `crate::virtual_balance::VirtualBalanceManager`
 --> src/virtual_context.rs:5:5
  |
5 | use crate::virtual_balance::VirtualBalanceManager;
  |     ^^^^^^^^^^^^^^^^^^^^^^^^^^^^^^^^^^^^^^^^^^^^^

warning: unused import: `crate::virtual_router::VirtualRouter`
 --> src/virtual_context.rs:6:5
  |
6 | use crate::virtual_router::VirtualRouter;
  |     ^^^^^^^^^^^^^^^^^^^^^^^^^^^^^^^^^^^^

warning: unused import: `lightning::routing::router::Route`
 --> src/virtual_router.rs:4:5
  |
4 | use lightning::routing::router::Route;
  |     ^^^^^^^^^^^^^^^^^^^^^^^^^^^^^^^^^

warning: unused imports: `payment_webhook` and `virtual_transfer`
  --> src/main.rs:76:64
   |
76 |     send_payment, shutdown, sign_message, sync, taker, unlock, virtual_transfer, payment_webhook,
   |                                                                ^^^^^^^^^^^^^^^^  ^^^^^^^^^^^^^^^

warning: unused variable: `database`
    --> src/routes.rs:1235:42
     |
1235 |         if let (Some(user_manager), Some(database)) = (state.user_manager.lock().await.as_ref(), state.database.lock().await.as_ref()) {
     |                                          ^^^^^^^^ help: if this is intentional, prefix it with an underscore: `_database`
     |
     = note: `#[warn(unused_variables)]` on by default

warning: unused variable: `database`
    --> src/routes.rs:1267:38
     |
1267 |     if let (Some(user_manager), Some(database)) = (state.user_manager.lock().await.as_ref(), state.database.lock().await.as_ref()) {
     |                                      ^^^^^^^^ help: if this is intentional, prefix it with an underscore: `_database`

warning: unused variable: `database`
    --> src/routes.rs:1378:38
     |
1378 |     if let (Some(user_manager), Some(database)) = (state.user_manager.lock().await.as_ref(), state.database.lock().await.as_ref()) {
     |                                      ^^^^^^^^ help: if this is intentional, prefix it with an underscore: `_database`

warning: unused variable: `transaction_id`
   --> src/virtual_balance.rs:194:13
    |
194 |         let transaction_id = format!("btc_{}_{}_{}_{}", from_user_id, to_user_id, amount_sats, chrono::Utc::now().timestamp());
    |             ^^^^^^^^^^^^^^ help: if this is intentional, prefix it with an underscore: `_transaction_id`

warning: methods `get_address_balance`, `get_multi_address_balance`, and `get_user_balance_by_id` are never used
  --> src/blockchain_balance.rs:21:18
   |
15 | impl BlockchainBalanceService {
   | ----------------------------- methods in this implementation
...
21 |     pub async fn get_address_balance(&self, address: &str) -> Result<i64, AppError> {
   |                  ^^^^^^^^^^^^^^^^^^^
...
80 |     pub async fn get_multi_address_balance(&self, addresses: &[String]) -> Result<i64, AppError> {
   |                  ^^^^^^^^^^^^^^^^^^^^^^^^^
...
97 |     pub async fn get_user_balance_by_id(&self, database: &crate::database::Database, user_id: &str) -> Result<i64, AppError> {
   |                  ^^^^^^^^^^^^^^^^^^^^^^
   |
   = note: `#[warn(dead_code)]` on by default

warning: field `confirmations` is never read
   --> src/blockchain_balance.rs:141:9
    |
137 | pub struct UtxoInfo {
    |            -------- field in this struct
...
141 |     pub confirmations: Option<u32>,
    |         ^^^^^^^^^^^^^
    |
    = note: `UtxoInfo` has derived impls for the traits `Clone` and `Debug`, but these are intentionally ignored during dead code analysis

warning: fields `user_id`, `mnemonic_encrypted`, `derivation_path`, and `created_at` are never read
  --> src/database.rs:13:9
   |
12 | pub struct UserWallet {
   |            ---------- fields in this struct
13 |     pub user_id: String,
   |         ^^^^^^^
14 |     pub mnemonic_encrypted: String,
   |         ^^^^^^^^^^^^^^^^^^
15 |     pub derivation_path: String,
   |         ^^^^^^^^^^^^^^^
16 |     pub created_at: chrono::DateTime<chrono::Utc>,
   |         ^^^^^^^^^^
   |
   = note: `UserWallet` has derived impls for the traits `Clone` and `Debug`, but these are intentionally ignored during dead code analysis

warning: struct `UserTransaction` is never constructed
  --> src/database.rs:20:12
   |
20 | pub struct UserTransaction {
   |            ^^^^^^^^^^^^^^^
   |
   = note: `UserTransaction` has derived impls for the traits `Clone` and `Debug`, but these are intentionally ignored during dead code analysis

warning: struct `UserChannel` is never constructed
  --> src/database.rs:31:12
   |
31 | pub struct UserChannel {
   |            ^^^^^^^^^^^
   |
   = note: `UserChannel` has derived impls for the traits `Clone` and `Debug`, but these are intentionally ignored during dead code analysis

warning: methods `save_user_transaction`, `get_user_transactions`, `save_user_channel`, `get_user_channels`, and `execute_internal_transfer` are never used
   --> src/database.rs:88:18
    |
40  | impl Database {
    | ------------- methods in this implementation
...
88  |     pub async fn save_user_transaction(&self, user_id: &str, txid: &str, amount: i64, asset_id: Option<&str>, status: &str) -> Result<Uui...
    |                  ^^^^^^^^^^^^^^^^^^^^^
...
99  |     pub async fn get_user_transactions(&self, user_id: &str) -> Result<Vec<UserTransaction>> {
    |                  ^^^^^^^^^^^^^^^^^^^^^
...
119 |     pub async fn save_user_channel(&self, user_id: &str, channel_id: &str, peer_pubkey: &str, capacity_sats: i64, status: &str) -> Result...
    |                  ^^^^^^^^^^^^^^^^^
...
130 |     pub async fn get_user_channels(&self, user_id: &str) -> Result<Vec<UserChannel>> {
    |                  ^^^^^^^^^^^^^^^^^
...
232 |     pub async fn execute_internal_transfer(
    |                  ^^^^^^^^^^^^^^^^^^^^^^^^^

warning: variants `InvalidRequest`, `InsufficientBalance`, and `UserNotFound` are never constructed
   --> src/error.rs:513:5
    |
505 | pub enum AppError {
    |          -------- variants in this enum
...
513 |     InvalidRequest(String),
    |     ^^^^^^^^^^^^^^
514 |     #[error("Insufficient balance")]
515 |     InsufficientBalance,
    |     ^^^^^^^^^^^^^^^^^^^
516 |     #[error("User not found")]
517 |     UserNotFound,
    |     ^^^^^^^^^^^^
    |
    = note: `AppError` has a derived impl for the trait `Debug`, but this is intentionally ignored during dead code analysis

warning: fields `master_keys` and `user_id` are never read
  --> src/hsm.rs:53:5
   |
52 | pub struct VirtualKeysManager {
   |            ------------------ fields in this struct
53 |     master_keys: Arc<KeysManager>,
   |     ^^^^^^^^^^^
54 |     virtual_node_secret: SecretKey,
55 |     user_id: String,
   |     ^^^^^^^
   |
   = note: `VirtualKeysManager` has a derived impl for the trait `Clone`, but this is intentionally ignored during dead code analysis

warning: methods `get_virtual_node_secret`, `get_user_id`, and `derive_channel_keys` are never used
  --> src/hsm.rs:74:12
   |
58 | impl VirtualKeysManager {
   | ----------------------- methods in this implementation
...
74 |     pub fn get_virtual_node_secret(&self) -> SecretKey {
   |            ^^^^^^^^^^^^^^^^^^^^^^^
...
79 |     pub fn get_user_id(&self) -> &str {
   |            ^^^^^^^^^^^
...
84 |     pub fn derive_channel_keys(&self, channel_value_satoshis: u64, params: &[u8; 32]) -> SecretKey {
   |            ^^^^^^^^^^^^^^^^^^^

warning: variants `KeyDerivation` and `InvalidUserId` are never constructed
  --> src/hsm_provider.rs:19:5
   |
17 | pub enum HsmError {
   |          -------- variants in this enum
18 |     #[error("Key derivation failed: {0}")]
19 |     KeyDerivation(String),
   |     ^^^^^^^^^^^^^
...
23 |     InvalidUserId(String),
   |     ^^^^^^^^^^^^^
   |
   = note: `HsmError` has a derived impl for the trait `Debug`, but this is intentionally ignored during dead code analysis

warning: fields `endpoint` and `credentials` are never read
  --> src/hsm_provider.rs:52:5
   |
51 | pub struct CloudHsmProvider {
   |            ---------------- fields in this struct
52 |     endpoint: String,
   |     ^^^^^^^^
53 |     credentials: String,
   |     ^^^^^^^^^^^

warning: associated function `new` is never used
  --> src/hsm_provider.rs:57:12
   |
56 | impl CloudHsmProvider {
   | --------------------- associated function in this implementation
57 |     pub fn new(endpoint: String, credentials: String) -> Self {
   |            ^^^

warning: field `device_path` is never read
  --> src/hsm_provider.rs:78:5
   |
77 | pub struct HardwareHsmProvider {
   |            ------------------- field in this struct
78 |     device_path: String,
   |     ^^^^^^^^^^^

warning: associated function `new` is never used
  --> src/hsm_provider.rs:82:12
   |
81 | impl HardwareHsmProvider {
   | ------------------------ associated function in this implementation
82 |     pub fn new(device_path: String) -> Self {
   |            ^^^

warning: struct `RgbDatabaseAdapter` is never constructed
 --> src/rgb_db_adapter.rs:7:12
  |
7 | pub struct RgbDatabaseAdapter {
  |            ^^^^^^^^^^^^^^^^^^

warning: associated items `new`, `setup_rgb_database_redirect`, `migrate_rgb_tables`, and `convert_sqlite_to_postgres` are never used
  --> src/rgb_db_adapter.rs:13:12
   |
12 | impl RgbDatabaseAdapter {
   | ----------------------- associated items in this implementation
13 |     pub fn new(pool: Arc<PgPool>) -> Self {
   |            ^^^
...
21 |     pub async fn setup_rgb_database_redirect(&self) -> Result<(), sqlx::Error> {
   |                  ^^^^^^^^^^^^^^^^^^^^^^^^^^^
...
33 |     async fn migrate_rgb_tables(&self) -> Result<(), sqlx::Error> {
   |              ^^^^^^^^^^^^^^^^^^
...
49 |     pub fn convert_sqlite_to_postgres(&self, query: &str) -> String {
   |            ^^^^^^^^^^^^^^^^^^^^^^^^^^

warning: function `setup_rgb_postgres_adapter` is never used
  --> src/rgb_db_adapter.rs:74:8
   |
74 | pub fn setup_rgb_postgres_adapter(pool: Arc<PgPool>) -> RgbDatabaseAdapter {
   |        ^^^^^^^^^^^^^^^^^^^^^^^^^^

warning: static `INIT` is never used
 --> src/rgb_db_fix.rs:6:8
  |
6 | static INIT: Once = Once::new();
  |        ^^^^

warning: function `configure_rgb_database` is never used
 --> src/rgb_db_fix.rs:8:8
  |
8 | pub fn configure_rgb_database() {
  |        ^^^^^^^^^^^^^^^^^^^^^^

warning: function `wait_for_rgb_ready` is never used
  --> src/rgb_db_fix.rs:28:14
   |
28 | pub async fn wait_for_rgb_ready() {
   |              ^^^^^^^^^^^^^^^^^^

warning: function `virtual_node_id` is never used
    --> src/routes.rs:3807:21
     |
3807 | pub(crate) async fn virtual_node_id(
     |                     ^^^^^^^^^^^^^^^

warning: struct `SqliteProxy` is never constructed
 --> src/sqlite_proxy.rs:7:12
  |
7 | pub struct SqliteProxy {
  |            ^^^^^^^^^^^

warning: associated items `new` and `setup_sqlite_redirect` are never used
  --> src/sqlite_proxy.rs:12:12
   |
11 | impl SqliteProxy {
   | ---------------- associated items in this implementation
12 |     pub fn new(pg_pool: Arc<PgPool>) -> Self {
   |            ^^^
...
17 |     pub fn setup_sqlite_redirect(&self) -> Result<(), Box<dyn std::error::Error>> {
   |            ^^^^^^^^^^^^^^^^^^^^^

warning: function `redirect_rgb_database_to_memory` is never used
  --> src/sqlite_proxy.rs:37:8
   |
37 | pub fn redirect_rgb_database_to_memory() -> Result<(), Box<dyn std::error::Error>> {
   |        ^^^^^^^^^^^^^^^^^^^^^^^^^^^^^^^

warning: methods `update_user_balance`, `save_user_transaction`, `get_user_transactions`, `save_user_channel`, and `get_user_channels` are never used
   --> src/user_manager.rs:89:18
    |
22  | impl UserManager {
    | ---------------- methods in this implementation
...
89  |     pub async fn update_user_balance(&self, user_id: &str, asset_id: Option<&str>, amount: i64) -> Result<(), AppError> {
    |                  ^^^^^^^^^^^^^^^^^^^
...
198 |     pub async fn save_user_transaction(&self, user_id: &str, txid: &str, amount: i64, asset_id: Option<&str>, status: &str) -> Result<(),...
    |                  ^^^^^^^^^^^^^^^^^^^^^
...
212 |     pub async fn get_user_transactions(&self, user_id: &str) -> Result<Vec<crate::database::UserTransaction>, AppError> {
    |                  ^^^^^^^^^^^^^^^^^^^^^
...
218 |     pub async fn save_user_channel(&self, user_id: &str, channel_id: &str, peer_pubkey: &str, capacity_sats: i64, status: &str) -> Result...
    |                  ^^^^^^^^^^^^^^^^^
...
225 |     pub async fn get_user_channels(&self, user_id: &str) -> Result<Vec<crate::database::UserChannel>, AppError> {
    |                  ^^^^^^^^^^^^^^^^^

warning: fields `users` and `database_url` are never read
  --> src/telegram_integration.rs:19:5
   |
18 | pub struct TelegramIntegration {
   |            ------------------- fields in this struct
19 |     users: Arc<RwLock<HashMap<i64, TelegramUser>>>,
   |     ^^^^^
20 |     database_url: String,
   |     ^^^^^^^^^^^^
   |
   = note: `TelegramIntegration` has a derived impl for the trait `Clone`, but this is intentionally ignored during dead code analysis

warning: methods `register_user`, `validate_session`, `get_user_data_dir`, and `generate_session_token` are never used
  --> src/telegram_integration.rs:32:18
   |
23 | impl TelegramIntegration {
   | ------------------------ methods in this implementation
...
32 |     pub async fn register_user(&self, user_id: i64, username: Option<String>, first_name: String) -> Result<String, Box<dyn std::error::E...
   |                  ^^^^^^^^^^^^^
...
54 |     pub async fn validate_session(&self, user_id: i64, token: &str) -> bool {
   |                  ^^^^^^^^^^^^^^^^
...
63 |     pub fn get_user_data_dir(&self, user_id: i64) -> String {
   |            ^^^^^^^^^^^^^^^^^
...
67 |     fn generate_session_token(&self, user_id: i64) -> String {
   |        ^^^^^^^^^^^^^^^^^^^^^^

warning: method `get_virtual_node_id` is never used
  --> src/virtual_node.rs:37:18
   |
13 | impl VirtualNodeManager {
   | ----------------------- method in this implementation
...
37 |     pub async fn get_virtual_node_id(&self, user_id: &str) -> Result<PublicKey, crate::hsm_provider::HsmError> {
   |                  ^^^^^^^^^^^^^^^^^^^

warning: fields `user_id` and `virtual_keys` are never read
  --> src/virtual_context.rs:13:9
   |
12 | pub struct VirtualNodeContext {
   |            ------------------ fields in this struct
13 |     pub user_id: String,
   |         ^^^^^^^
14 |     pub virtual_node_id: PublicKey,
15 |     pub virtual_keys: VirtualKeysManager,
   |         ^^^^^^^^^^^^
   |
   = note: `VirtualNodeContext` has a derived impl for the trait `Clone`, but this is intentionally ignored during dead code analysis

warning: method `owns_channel` is never used
  --> src/virtual_context.rs:53:18
   |
19 | impl VirtualNodeContext {
   | ----------------------- method in this implementation
...
53 |     pub async fn owns_channel(&self, channel_id: &str) -> bool {
   |                  ^^^^^^^^^^^^

warning: methods `map_channel_to_virtual_node`, `get_virtual_node_for_channel`, and `map_payment_to_virtual_node` are never used
  --> src/virtual_channel.rs:16:18
   |
10 | impl VirtualChannelManager {
   | -------------------------- methods in this implementation
...
16 |     pub async fn map_channel_to_virtual_node(&self, channel_id: &str, virtual_node_id: &str, user_id: i64) -> Result<(), sqlx::Error> {
   |                  ^^^^^^^^^^^^^^^^^^^^^^^^^^^
...
40 |     pub async fn get_virtual_node_for_channel(&self, channel_id: &str) -> Result<Option<String>, sqlx::Error> {
   |                  ^^^^^^^^^^^^^^^^^^^^^^^^^^^^
...
52 |     pub async fn map_payment_to_virtual_node(&self, payment_hash: &str, _virtual_node_id: &str, user_id: i64, inbound: bool) -> Result<()...
   |                  ^^^^^^^^^^^^^^^^^^^^^^^^^^^

warning: struct `VirtualHtlc` is never constructed
  --> src/virtual_htlc.rs:11:12
   |
11 | pub struct VirtualHtlc {
   |            ^^^^^^^^^^^
   |
   = note: `VirtualHtlc` has derived impls for the traits `Debug` and `Clone`, but these are intentionally ignored during dead code analysis

warning: struct `RgbTransfer` is never constructed
  --> src/virtual_htlc.rs:21:12
   |
21 | pub struct RgbTransfer {
   |            ^^^^^^^^^^^
   |
   = note: `RgbTransfer` has derived impls for the traits `Debug` and `Clone`, but these are intentionally ignored during dead code analysis

warning: variants `Pending`, `Settled`, and `Failed` are never constructed
  --> src/virtual_htlc.rs:28:5
   |
27 | pub enum VirtualHtlcStatus {
   |          ----------------- variants in this enum
28 |     Pending,
   |     ^^^^^^^
29 |     Settled,
   |     ^^^^^^^
30 |     Failed,
   |     ^^^^^^
   |
   = note: `VirtualHtlcStatus` has derived impls for the traits `Debug` and `Clone`, but these are intentionally ignored during dead code analysis

warning: struct `VirtualHtlcManager` is never constructed
  --> src/virtual_htlc.rs:34:12
   |
34 | pub struct VirtualHtlcManager {
   |            ^^^^^^^^^^^^^^^^^^

warning: associated items `new`, `create_virtual_htlc`, `settle_virtual_htlc`, `fail_virtual_htlc`, and `get_pending_htlcs` are never used
   --> src/virtual_htlc.rs:40:12
    |
39  | impl VirtualHtlcManager {
    | ----------------------- associated items in this implementation
40  |     pub fn new(virtual_channel_manager: Arc<crate::virtual_channel::VirtualChannelManager>) -> Self {
    |            ^^^
...
48  |     pub async fn create_virtual_htlc(
    |                  ^^^^^^^^^^^^^^^^^^^
...
94  |     pub async fn settle_virtual_htlc(
    |                  ^^^^^^^^^^^^^^^^^^^
...
137 |     pub async fn fail_virtual_htlc(&self, payment_hash: PaymentHash) -> Result<(), VirtualHtlcError> {
    |                  ^^^^^^^^^^^^^^^^^
...
149 |     pub async fn get_pending_htlcs(&self, virtual_node: &PublicKey) -> Vec<VirtualHtlc> {
    |                  ^^^^^^^^^^^^^^^^^

warning: struct `VirtualSettlement` is never constructed
   --> src/virtual_htlc.rs:164:12
    |
164 | pub struct VirtualSettlement {
    |            ^^^^^^^^^^^^^^^^^
    |
    = note: `VirtualSettlement` has derived impls for the traits `Debug` and `Clone`, but these are intentionally ignored during dead code analysis

warning: variants `HtlcNotFound`, `InvalidPreimage`, `Database`, and `InsufficientBalance` are never constructed
   --> src/virtual_htlc.rs:176:5
    |
174 | pub enum VirtualHtlcError {
    |          ---------------- variants in this enum
175 |     #[error("HTLC not found")]
176 |     HtlcNotFound,
    |     ^^^^^^^^^^^^
177 |     #[error("Invalid preimage")]
178 |     InvalidPreimage,
    |     ^^^^^^^^^^^^^^^
179 |     #[error("Database error: {0}")]
180 |     Database(String),
    |     ^^^^^^^^
181 |     #[error("Insufficient balance")]
182 |     InsufficientBalance,
    |     ^^^^^^^^^^^^^^^^^^^
    |
    = note: `VirtualHtlcError` has a derived impl for the trait `Debug`, but this is intentionally ignored during dead code analysis

warning: methods `has_rgb_transfer`, `rgb_contract_id`, and `rgb_amount` are never used
   --> src/virtual_htlc.rs:187:12
    |
185 | impl VirtualSettlement {
    | ---------------------- methods in this implementation
186 |     /// Check if this settlement includes RGB transfer
187 |     pub fn has_rgb_transfer(&self) -> bool {
    |            ^^^^^^^^^^^^^^^^
...
192 |     pub fn rgb_contract_id(&self) -> Option<ContractId> {
    |            ^^^^^^^^^^^^^^^
...
197 |     pub fn rgb_amount(&self) -> Option<u64> {
    |            ^^^^^^^^^^

warning: fields `btc_balances` and `rgb_balances` are never read
  --> src/virtual_balance.rs:12:5
   |
11 | pub struct VirtualBalanceManager {
   |            --------------------- fields in this struct
12 |     btc_balances: Arc<RwLock<HashMap<PublicKey, u64>>>,
   |     ^^^^^^^^^^^^
13 |     rgb_balances: Arc<RwLock<HashMap<(PublicKey, ContractId), u64>>>,
   |     ^^^^^^^^^^^^

warning: methods `apply_settlement`, `update_btc_balance`, `update_rgb_balance`, `get_btc_balance`, `get_rgb_balance`, and `check_sufficient_balance` are never used
   --> src/virtual_balance.rs:27:18
    |
17  | impl VirtualBalanceManager {
    | -------------------------- methods in this implementation
...
27  |     pub async fn apply_settlement(&self, settlement: &VirtualSettlement) -> Result<(), BalanceError> {
    |                  ^^^^^^^^^^^^^^^^
...
64  |     async fn update_btc_balance(&self, virtual_node: &PublicKey, delta: i64) -> Result<(), BalanceError> {
    |              ^^^^^^^^^^^^^^^^^^
...
81  |     async fn update_rgb_balance(
    |              ^^^^^^^^^^^^^^^^^^
...
105 |     pub async fn get_btc_balance(&self, virtual_node: &PublicKey) -> u64 {
    |                  ^^^^^^^^^^^^^^^
...
111 |     pub async fn get_rgb_balance(&self, virtual_node: &PublicKey, contract_id: ContractId) -> u64 {
    |                  ^^^^^^^^^^^^^^^
...
118 |     pub async fn check_sufficient_balance(
    |                  ^^^^^^^^^^^^^^^^^^^^^^^^

warning: variant `InsufficientRgb` is never constructed
   --> src/virtual_balance.rs:256:5
    |
252 | pub enum BalanceError {
    |          ------------ variant in this enum
...
256 |     InsufficientRgb {
    |     ^^^^^^^^^^^^^^^
    |
    = note: `BalanceError` has a derived impl for the trait `Debug`, but this is intentionally ignored during dead code analysis

warning: method `get_actual_user_balance` is never used
   --> src/virtual_balance.rs:267:14
    |
265 | impl VirtualBalanceManager {
    | -------------------------- method in this implementation
266 |     /// Get user's actual BTC balance from their real UTXOs (represents real spendable funds)
267 |     async fn get_actual_user_balance(
    |              ^^^^^^^^^^^^^^^^^^^^^^^

warning: struct `VirtualRouter` is never constructed
  --> src/virtual_router.rs:13:12
   |
13 | pub struct VirtualRouter {
   |            ^^^^^^^^^^^^^

warning: associated items `new`, `send_virtual_payment`, `settle_virtual_payment`, `create_virtual_invoice`, and `pay_virtual_invoice` are never used
   --> src/virtual_router.rs:20:12
    |
19  | impl VirtualRouter {
    | ------------------ associated items in this implementation
20  |     pub fn new(
    |            ^^^
...
33  |     pub async fn send_virtual_payment(
    |                  ^^^^^^^^^^^^^^^^^^^^
...
73  |     pub async fn settle_virtual_payment(
    |                  ^^^^^^^^^^^^^^^^^^^^^^
...
102 |     pub async fn create_virtual_invoice(
    |                  ^^^^^^^^^^^^^^^^^^^^^^
...
135 |     pub async fn pay_virtual_invoice(
    |                  ^^^^^^^^^^^^^^^^^^^

warning: struct `VirtualPaymentResult` is never constructed
   --> src/virtual_router.rs:156:12
    |
156 | pub struct VirtualPaymentResult {
    |            ^^^^^^^^^^^^^^^^^^^^
    |
    = note: `VirtualPaymentResult` has derived impls for the traits `Debug` and `Clone`, but these are intentionally ignored during dead code analysis

warning: struct `VirtualInvoice` is never constructed
   --> src/virtual_router.rs:163:12
    |
163 | pub struct VirtualInvoice {
    |            ^^^^^^^^^^^^^^
    |
    = note: `VirtualInvoice` has derived impls for the traits `Debug` and `Clone`, but these are intentionally ignored during dead code analysis

warning: struct `RgbInvoiceRequest` is never constructed
   --> src/virtual_router.rs:173:12
    |
173 | pub struct RgbInvoiceRequest {
    |            ^^^^^^^^^^^^^^^^^
    |
    = note: `RgbInvoiceRequest` has derived impls for the traits `Debug` and `Clone`, but these are intentionally ignored during dead code analysis

warning: variants `InsufficientBalance`, `HtlcCreation`, `Settlement`, `BalanceUpdate`, and `RoutingFailed` are never constructed
   --> src/virtual_router.rs:181:5
    |
179 | pub enum VirtualRouterError {
    |          ------------------ variants in this enum
180 |     #[error("Insufficient balance: {0}")]
181 |     InsufficientBalance(String),
    |     ^^^^^^^^^^^^^^^^^^^
182 |     #[error("HTLC creation failed: {0}")]
183 |     HtlcCreation(String),
    |     ^^^^^^^^^^^^
184 |     #[error("Settlement failed: {0}")]
185 |     Settlement(String),
    |     ^^^^^^^^^^
186 |     #[error("Balance update failed: {0}")]
187 |     BalanceUpdate(String),
    |     ^^^^^^^^^^^^^
188 |     #[error("Routing failed: {0}")]
189 |     RoutingFailed(String),
    |     ^^^^^^^^^^^^^
    |
    = note: `VirtualRouterError` has a derived impl for the trait `Debug`, but this is intentionally ignored during dead code analysis

warning: methods `create_lightning_invoice` and `get_new_address` are never used
  --> src/lightning_router.rs:58:18
   |
23 | impl LightningRouter {
   | -------------------- methods in this implementation
...
58 |     pub async fn create_lightning_invoice(
   |                  ^^^^^^^^^^^^^^^^^^^^^^^^
...
84 |     pub async fn get_new_address(&self) -> Result<String, AppError> {
   |                  ^^^^^^^^^^^^^^^

warning: method `create_user_invoice` is never used
  --> src/inbound_payment_handler.rs:34:18
   |
28 | impl InboundPaymentHandler {
   | -------------------------- method in this implementation
...
34 |     pub async fn create_user_invoice(
   |                  ^^^^^^^^^^^^^^^^^^^

warning: `rgb-lightning-node` (bin "rgb-lightning-node") generated 64 warnings (run `cargo fix --bin "rgb-lightning-node"` to apply 9 suggestions)
    Finished `dev` profile [unoptimized + debuginfo] target(s) in 0.33s
     Running `target/debug/rgb-lightning-node /home/oem/.lighening-node-storage-testnet --daemon-listening-port 3001 --network testnet`
[2m2025-11-02T15:09:22.690355Z[0m [32m INFO[0m [2mrgb_lightning_node::utils[0m[2m:[0m DATABASE_URL found - multi-user support will be enabled after unlock
[2m2025-11-02T15:09:22.693064Z[0m [32m INFO[0m [2mrgb_lightning_node[0m[2m:[0m Listening on 0.0.0.0:3001
[2m2025-11-02T15:09:24.286506Z[0m [32m INFO[0m [1mrequest[0m[1m{[0m[3muri[0m[2m=[0m/networkinfo [3mrequest_id[0m[2m=[0m11a0d0a8-613c-4163-b038-381c07874a83[1m}[0m[2m:[0m [2mrgb_lightning_node[0m[2m:[0m STARTED
[2m2025-11-02T15:09:24.286814Z[0m [31mERROR[0m [1mrequest[0m[1m{[0m[3muri[0m[2m=[0m/networkinfo [3mrequest_id[0m[2m=[0m11a0d0a8-613c-4163-b038-381c07874a83[1m}[0m[2m:[0m [2mrgb_lightning_node::error[0m[2m:[0m APIError: Node is locked (hint: call unlock)
[2m2025-11-02T15:09:24.287197Z[0m [32m INFO[0m [1mrequest[0m[1m{[0m[3muri[0m[2m=[0m/networkinfo [3mrequest_id[0m[2m=[0m11a0d0a8-613c-4163-b038-381c07874a83 [3mstatus_code[0m[2m=[0m403 Forbidden[1m}[0m[2m:[0m [2mrgb_lightning_node[0m[2m:[0m ENDED in 775.839µs
[2m2025-11-02T15:09:24.295004Z[0m [32m INFO[0m [1mrequest[0m[1m{[0m[3muri[0m[2m=[0m/init [3mrequest_id[0m[2m=[0m41a79b99-b73b-4b91-ad03-ee59a42ebbdb[1m}[0m[2m:[0m [2mrgb_lightning_node[0m[2m:[0m STARTED
[2m2025-11-02T15:09:24.295416Z[0m [31mERROR[0m [1mrequest[0m[1m{[0m[3muri[0m[2m=[0m/init [3mrequest_id[0m[2m=[0m41a79b99-b73b-4b91-ad03-ee59a42ebbdb[1m}[0m[2m:[0m [2mrgb_lightning_node::error[0m[2m:[0m APIError: Node has already been initialized
[2m2025-11-02T15:09:24.295571Z[0m [32m INFO[0m [1mrequest[0m[1m{[0m[3muri[0m[2m=[0m/init [3mrequest_id[0m[2m=[0m41a79b99-b73b-4b91-ad03-ee59a42ebbdb [3mstatus_code[0m[2m=[0m403 Forbidden[1m}[0m[2m:[0m [2mrgb_lightning_node[0m[2m:[0m ENDED in 648.994µs
[2m2025-11-02T15:09:29.305459Z[0m [32m INFO[0m [1mrequest[0m[1m{[0m[3muri[0m[2m=[0m/unlock [3mrequest_id[0m[2m=[0ma1c046e5-1a3e-4f83-8e8c-9551a6b49924[1m}[0m[2m:[0m [2mrgb_lightning_node[0m[2m:[0m STARTED
[2m2025-11-02T15:09:29.305716Z[0m [32m INFO[0m [1mrequest[0m[1m{[0m[3muri[0m[2m=[0m/unlock [3mrequest_id[0m[2m=[0ma1c046e5-1a3e-4f83-8e8c-9551a6b49924[1m}[0m[2m:[0m [2mrgb_lightning_node::routes[0m[2m:[0m Unlock started
[2m2025-11-02T15:09:36.811586Z[0m [32m INFO[0m [2melectrum_client::raw_client[0m[2m:[0m Trying to connect to 34.154.172.18:50013 (attempt 1/1) with timeout 10s    
[2m2025-11-02T15:09:42.669201Z[0m [32m INFO[0m [2mrgb_lightning_node::ldk[0m[2m:[0m Connected to an indexer with the Electrum protocol
[2m2025-11-02T15:09:49.269451Z[0m [32m INFO[0m [2mrgb_lightning_node::ldk[0m[2m:[0m Using a custom proxy
[2m2025-11-02T15:09:50.098045Z[0m [32m INFO[0m [2msqlx::query[0m[2m:[0m [3msummary[0m[2m=[0m"PRAGMA foreign_keys = ON; …" [3mdb.statement[0m[2m=[0m"\n\nPRAGMA foreign_keys = ON; \n" [3mrows_affected[0m[2m=[0m0 [3mrows_returned[0m[2m=[0m0 [3melapsed[0m[2m=[0m39.474µs [3melapsed_secs[0m[2m=[0m3.9474e-5
[2m2025-11-02T15:09:50.098737Z[0m [32m INFO[0m [2msqlx::query[0m[2m:[0m [3msummary[0m[2m=[0m"CREATE TABLE IF NOT …" [3mdb.statement[0m[2m=[0m"\n\nCREATE TABLE IF NOT EXISTS \"seaql_migrations\" ( \"version\" varchar NOT NULL PRIMARY KEY, \"applied_at\" bigint NOT NULL )\n" [3mrows_affected[0m[2m=[0m0 [3mrows_returned[0m[2m=[0m0 [3melapsed[0m[2m=[0m332.078µs [3melapsed_secs[0m[2m=[0m0.000332078
[2m2025-11-02T15:09:50.098835Z[0m [32m INFO[0m [2msea_orm_migration::migrator[0m[2m:[0m Applying all pending migrations
[2m2025-11-02T15:09:50.099003Z[0m [32m INFO[0m [2msqlx::query[0m[2m:[0m [3msummary[0m[2m=[0m"CREATE TABLE IF NOT …" [3mdb.statement[0m[2m=[0m"\n\nCREATE TABLE IF NOT EXISTS \"seaql_migrations\" ( \"version\" varchar NOT NULL PRIMARY KEY, \"applied_at\" bigint NOT NULL )\n" [3mrows_affected[0m[2m=[0m0 [3mrows_returned[0m[2m=[0m0 [3melapsed[0m[2m=[0m21.31µs [3melapsed_secs[0m[2m=[0m2.131e-5
[2m2025-11-02T15:09:50.099408Z[0m [32m INFO[0m [2msqlx::query[0m[2m:[0m [3msummary[0m[2m=[0m"PRAGMA foreign_keys = ON; …" [3mdb.statement[0m[2m=[0m"\n\nPRAGMA foreign_keys = ON; \n" [3mrows_affected[0m[2m=[0m0 [3mrows_returned[0m[2m=[0m0 [3melapsed[0m[2m=[0m24.024µs [3melapsed_secs[0m[2m=[0m2.4024e-5
[2m2025-11-02T15:09:50.099850Z[0m [32m INFO[0m [2msqlx::query[0m[2m:[0m [3msummary[0m[2m=[0m"CREATE TABLE IF NOT …" [3mdb.statement[0m[2m=[0m"\n\nCREATE TABLE IF NOT EXISTS \"seaql_migrations\" ( \"version\" varchar NOT NULL PRIMARY KEY, \"applied_at\" bigint NOT NULL )\n" [3mrows_affected[0m[2m=[0m0 [3mrows_returned[0m[2m=[0m0 [3melapsed[0m[2m=[0m298.943µs [3melapsed_secs[0m[2m=[0m0.000298943
[2m2025-11-02T15:09:50.100063Z[0m [32m INFO[0m [2msqlx::query[0m[2m:[0m [3msummary[0m[2m=[0m"CREATE TABLE IF NOT …" [3mdb.statement[0m[2m=[0m"\n\nCREATE TABLE IF NOT EXISTS \"seaql_migrations\" ( \"version\" varchar NOT NULL PRIMARY KEY, \"applied_at\" bigint NOT NULL )\n" [3mrows_affected[0m[2m=[0m0 [3mrows_returned[0m[2m=[0m0 [3melapsed[0m[2m=[0m19.704µs [3melapsed_secs[0m[2m=[0m1.9704e-5
[2m2025-11-02T15:09:50.100350Z[0m [32m INFO[0m [2msqlx::query[0m[2m:[0m [3msummary[0m[2m=[0m"SELECT \"version\", \"applied_at\" FROM …" [3mdb.statement[0m[2m=[0m"\n\nSELECT \"version\", \"applied_at\" FROM \"seaql_migrations\" ORDER BY \"version\" ASC\n" [3mrows_affected[0m[2m=[0m0 [3mrows_returned[0m[2m=[0m1 [3melapsed[0m[2m=[0m88.466µs [3melapsed_secs[0m[2m=[0m8.8466e-5
[2m2025-11-02T15:09:50.100503Z[0m [32m INFO[0m [2msea_orm_migration::migrator[0m[2m:[0m No pending migrations
[2m2025-11-02T15:09:50.108973Z[0m [32m INFO[0m [2melectrum_client::raw_client[0m[2m:[0m Trying to connect to 34.154.172.18:50013 (attempt 1/1) with timeout 10s    
[2m2025-11-02T15:09:52.944181Z[0m [32m INFO[0m [2melectrum::raw_client[0m[2m:[0m Trying to connect to 34.154.172.18:50013 (attempt 1/1) with timeout 10s    
[2m2025-11-02T15:09:58.191783Z[0m [32m INFO[0m [2msqlx::query[0m[2m:[0m [3msummary[0m[2m=[0m"SELECT \"txo\".\"idx\", \"txo\".\"txid\", \"txo\".\"vout\", …" [3mdb.statement[0m[2m=[0m"\n\nSELECT \"txo\".\"idx\", \"txo\".\"txid\", \"txo\".\"vout\", \"txo\".\"btc_amount\", \"txo\".\"spent\", \"txo\".\"exists\", \"txo\".\"pending_witness\" FROM \"txo\"\n" [3mrows_affected[0m[2m=[0m0 [3mrows_returned[0m[2m=[0m0 [3melapsed[0m[2m=[0m419.545µs [3melapsed_secs[0m[2m=[0m0.000419545
[2m2025-11-02T15:09:58.193601Z[0m [32m INFO[0m [2msqlx::query[0m[2m:[0m [3msummary[0m[2m=[0m"SELECT \"pending_witness_script\".\"idx\", \"pending_witness_script\".\"script\" FROM …" [3mdb.statement[0m[2m=[0m"\n\nSELECT \"pending_witness_script\".\"idx\", \"pending_witness_script\".\"script\" FROM \"pending_witness_script\"\n" [3mrows_affected[0m[2m=[0m0 [3mrows_returned[0m[2m=[0m0 [3melapsed[0m[2m=[0m351.206µs [3melapsed_secs[0m[2m=[0m0.000351206
[2m2025-11-02T15:09:58.195369Z[0m [32m INFO[0m [2msqlx::query[0m[2m:[0m [3msummary[0m[2m=[0m"SELECT \"txo\".\"idx\", \"txo\".\"txid\", \"txo\".\"vout\", …" [3mdb.statement[0m[2m=[0m"\n\nSELECT \"txo\".\"idx\", \"txo\".\"txid\", \"txo\".\"vout\", \"txo\".\"btc_amount\", \"txo\".\"spent\", \"txo\".\"exists\", \"txo\".\"pending_witness\" FROM \"txo\"\n" [3mrows_affected[0m[2m=[0m0 [3mrows_returned[0m[2m=[0m0 [3melapsed[0m[2m=[0m98.291µs [3melapsed_secs[0m[2m=[0m9.8291e-5
[2m2025-11-02T15:09:58.196968Z[0m [32m INFO[0m [2msqlx::query[0m[2m:[0m [3msummary[0m[2m=[0m"SELECT \"asset\".\"idx\", \"asset\".\"media_idx\", \"asset\".\"id\", …" [3mdb.statement[0m[2m=[0m"\n\nSELECT \"asset\".\"idx\", \"asset\".\"media_idx\", \"asset\".\"id\", \"asset\".\"schema\", \"asset\".\"added_at\", \"asset\".\"details\", \"asset\".\"issued_supply\", \"asset\".\"name\", \"asset\".\"precision\", \"asset\".\"ticker\", \"asset\".\"timestamp\" FROM \"asset\"\n" [3mrows_affected[0m[2m=[0m0 [3mrows_returned[0m[2m=[0m0 [3melapsed[0m[2m=[0m460.055µs [3melapsed_secs[0m[2m=[0m0.000460055
[2m2025-11-02T15:09:58.198374Z[0m [32m INFO[0m [2msqlx::query[0m[2m:[0m [3msummary[0m[2m=[0m"SELECT \"media\".\"idx\", \"media\".\"digest\", \"media\".\"mime\" …" [3mdb.statement[0m[2m=[0m"\n\nSELECT \"media\".\"idx\", \"media\".\"digest\", \"media\".\"mime\" FROM \"media\"\n" [3mrows_affected[0m[2m=[0m0 [3mrows_returned[0m[2m=[0m0 [3melapsed[0m[2m=[0m289.492µs [3melapsed_secs[0m[2m=[0m0.000289492
[2m2025-11-02T15:10:04.683252Z[0m [32m INFO[0m [2mrgb_lightning_node::ldk[0m[2m:[0m LDK logs are available at <your-supplied-ldk-data-dir-path>/.ldk/logs
[2m2025-11-02T15:10:04.683375Z[0m [32m INFO[0m [2mrgb_lightning_node::ldk[0m[2m:[0m Local Node ID is 02945cf9ea4a7c952c501d12de2d7f11c2ad0a81276f29c766d04bb8d281ab4ead
[2m2025-11-02T15:10:04.683487Z[0m [32m INFO[0m [2mrgb_lightning_node::routes[0m[2m:[0m Unlock completed
[2m2025-11-02T15:10:04.683675Z[0m [32m INFO[0m [1mrequest[0m[1m{[0m[3muri[0m[2m=[0m/unlock [3mrequest_id[0m[2m=[0ma1c046e5-1a3e-4f83-8e8c-9551a6b49924 [3mstatus_code[0m[2m=[0m200 OK[1m}[0m[2m:[0m [2mrgb_lightning_node[0m[2m:[0m ENDED in 35.378279936s
[2m2025-11-02T15:10:14.697082Z[0m [32m INFO[0m [1mrequest[0m[1m{[0m[3muri[0m[2m=[0m/nodeinfo [3mrequest_id[0m[2m=[0ma13ee71d-a757-478c-9bd9-d4e1a4fadc5e[1m}[0m[2m:[0m [2mrgb_lightning_node[0m[2m:[0m STARTED
[2m2025-11-02T15:10:14.697385Z[0m [32m INFO[0m [1mrequest[0m[1m{[0m[3muri[0m[2m=[0m/nodeinfo [3mrequest_id[0m[2m=[0ma13ee71d-a757-478c-9bd9-d4e1a4fadc5e [3mstatus_code[0m[2m=[0m200 OK[1m}[0m[2m:[0m [2mrgb_lightning_node[0m[2m:[0m ENDED in 383.427µs
[2m2025-11-02T15:10:21.592239Z[0m [32m INFO[0m [1mrequest[0m[1m{[0m[3muri[0m[2m=[0m/address [3mrequest_id[0m[2m=[0mac1beff5-15e9-4349-92df-eaf28feca9ce[1m}[0m[2m:[0m [2mrgb_lightning_node[0m[2m:[0m STARTED
[2m2025-11-02T15:10:21.592934Z[0m [32m INFO[0m [1mrequest[0m[1m{[0m[3muri[0m[2m=[0m/address [3mrequest_id[0m[2m=[0mac1beff5-15e9-4349-92df-eaf28feca9ce[1m}[0m[2m:[0m [2mrgb_lightning_node::routes[0m[2m:[0m Initializing multi-user database on-demand...
[2m2025-11-02T15:10:21.593218Z[0m [32m INFO[0m [1mrequest[0m[1m{[0m[3muri[0m[2m=[0m/address [3mrequest_id[0m[2m=[0mac1beff5-15e9-4349-92df-eaf28feca9ce[1m}[0m[2m:[0m [2mrgb_lightning_node::utils[0m[2m:[0m Initializing PostgreSQL database for multi-user support after unlock
[2m2025-11-02T15:10:21.603738Z[0m [32m INFO[0m [1mrequest[0m[1m{[0m[3muri[0m[2m=[0m/address [3mrequest_id[0m[2m=[0mac1beff5-15e9-4349-92df-eaf28feca9ce[1m}[0m[2m:[0m [2mrgb_lightning_node::utils[0m[2m:[0m Multi-user database support enabled successfully
[2m2025-11-02T15:10:21.606932Z[0m [32m INFO[0m [1mrequest[0m[1m{[0m[3muri[0m[2m=[0m/address [3mrequest_id[0m[2m=[0mac1beff5-15e9-4349-92df-eaf28feca9ce[1m}[0m[2m:[0m [2msqlx::query[0m[2m:[0m [3msummary[0m[2m=[0m"SELECT \"backup_info\".\"idx\", \"backup_info\".\"last_backup_timestamp\", \"backup_info\".\"last_operation_timestamp\" …" [3mdb.statement[0m[2m=[0m"\n\nSELECT \"backup_info\".\"idx\", \"backup_info\".\"last_backup_timestamp\", \"backup_info\".\"last_operation_timestamp\" FROM \"backup_info\" LIMIT ?\n" [3mrows_affected[0m[2m=[0m0 [3mrows_returned[0m[2m=[0m1 [3melapsed[0m[2m=[0m148.131µs [3melapsed_secs[0m[2m=[0m0.000148131
[2m2025-11-02T15:10:21.616087Z[0m [32m INFO[0m [1mrequest[0m[1m{[0m[3muri[0m[2m=[0m/address [3mrequest_id[0m[2m=[0mac1beff5-15e9-4349-92df-eaf28feca9ce[1m}[0m[2m:[0m [2msqlx::query[0m[2m:[0m [3msummary[0m[2m=[0m"UPDATE \"backup_info\" SET \"last_operation_timestamp\" …" [3mdb.statement[0m[2m=[0m"\n\nUPDATE \"backup_info\" SET \"last_operation_timestamp\" = ? WHERE \"backup_info\".\"idx\" = ?\n" [3mrows_affected[0m[2m=[0m1 [3mrows_returned[0m[2m=[0m0 [3melapsed[0m[2m=[0m8.576831ms [3melapsed_secs[0m[2m=[0m0.008576831
[2m2025-11-02T15:10:21.617187Z[0m [32m INFO[0m [1mrequest[0m[1m{[0m[3muri[0m[2m=[0m/address [3mrequest_id[0m[2m=[0mac1beff5-15e9-4349-92df-eaf28feca9ce[1m}[0m[2m:[0m [2msqlx::query[0m[2m:[0m [3msummary[0m[2m=[0m"SELECT \"backup_info\".\"idx\", \"backup_info\".\"last_backup_timestamp\", \"backup_info\".\"last_operation_timestamp\" …" [3mdb.statement[0m[2m=[0m"\n\nSELECT \"backup_info\".\"idx\", \"backup_info\".\"last_backup_timestamp\", \"backup_info\".\"last_operation_timestamp\" FROM \"backup_info\" WHERE \"backup_info\".\"idx\" = ? LIMIT ?\n" [3mrows_affected[0m[2m=[0m0 [3mrows_returned[0m[2m=[0m1 [3melapsed[0m[2m=[0m240.971µs [3melapsed_secs[0m[2m=[0m0.000240971
[2m2025-11-02T15:10:21.622495Z[0m [32m INFO[0m [1mrequest[0m[1m{[0m[3muri[0m[2m=[0m/address [3mrequest_id[0m[2m=[0mac1beff5-15e9-4349-92df-eaf28feca9ce [3mstatus_code[0m[2m=[0m200 OK[1m}[0m[2m:[0m [2mrgb_lightning_node[0m[2m:[0m ENDED in 30.508773ms
[2m2025-11-02T15:10:27.566538Z[0m [32m INFO[0m [1mrequest[0m[1m{[0m[3muri[0m[2m=[0m/btcbalance [3mrequest_id[0m[2m=[0m4c5b15da-07ef-490f-b571-b8c5d381235c[1m}[0m[2m:[0m [2mrgb_lightning_node[0m[2m:[0m STARTED
[2m2025-11-02T15:10:27.567236Z[0m [32m INFO[0m [1mrequest[0m[1m{[0m[3muri[0m[2m=[0m/btcbalance [3mrequest_id[0m[2m=[0m4c5b15da-07ef-490f-b571-b8c5d381235c[1m}[0m[2m:[0m [2mrgb_lightning_node::routes[0m[2m:[0m btc_balance called with payload: Object {"user_id": String("5984120724")}
[2m2025-11-02T15:10:27.567546Z[0m [32m INFO[0m [1mrequest[0m[1m{[0m[3muri[0m[2m=[0m/btcbalance [3mrequest_id[0m[2m=[0m4c5b15da-07ef-490f-b571-b8c5d381235c[1m}[0m[2m:[0m [2mrgb_lightning_node::routes[0m[2m:[0m Processing btc_balance for user: 5984120724
[2m2025-11-02T15:10:27.577273Z[0m [32m INFO[0m [1mrequest[0m[1m{[0m[3muri[0m[2m=[0m/btcbalance [3mrequest_id[0m[2m=[0m4c5b15da-07ef-490f-b571-b8c5d381235c[1m}[0m[2m:[0m [2mrgb_lightning_node::routes[0m[2m:[0m User 5984120724 has 59 addresses
[2m2025-11-02T15:10:27.577362Z[0m [32m INFO[0m [1mrequest[0m[1m{[0m[3muri[0m[2m=[0m/btcbalance [3mrequest_id[0m[2m=[0m4c5b15da-07ef-490f-b571-b8c5d381235c[1m}[0m[2m:[0m [2mrgb_lightning_node::routes[0m[2m:[0m Address: tb1pez9tlvell6lgw7gzgdhx4h0kqg5yllyv5fwjrvhrxkra3yaau0psgzfdee
[2m2025-11-02T15:10:27.577424Z[0m [32m INFO[0m [1mrequest[0m[1m{[0m[3muri[0m[2m=[0m/btcbalance [3mrequest_id[0m[2m=[0m4c5b15da-07ef-490f-b571-b8c5d381235c[1m}[0m[2m:[0m [2mrgb_lightning_node::routes[0m[2m:[0m Address: tb1pkmnxfchkf88ry39mvt3mnlrej0fyepve249dqkxe4tyx4ar3swpqnflclg
[2m2025-11-02T15:10:27.577476Z[0m [32m INFO[0m [1mrequest[0m[1m{[0m[3muri[0m[2m=[0m/btcbalance [3mrequest_id[0m[2m=[0m4c5b15da-07ef-490f-b571-b8c5d381235c[1m}[0m[2m:[0m [2mrgb_lightning_node::routes[0m[2m:[0m Address: tb1pfa85aaytmc52m4z762v2qpy2dvr7g365czsekmyzgj766xcvc96qqm63mc
[2m2025-11-02T15:10:27.577531Z[0m [32m INFO[0m [1mrequest[0m[1m{[0m[3muri[0m[2m=[0m/btcbalance [3mrequest_id[0m[2m=[0m4c5b15da-07ef-490f-b571-b8c5d381235c[1m}[0m[2m:[0m [2mrgb_lightning_node::routes[0m[2m:[0m Address: tb1p63q99mda2v2at8d5xeremwf08cejcr44dzc7h2rmwjdxm756nv4qwm2jzw
[2m2025-11-02T15:10:27.577582Z[0m [32m INFO[0m [1mrequest[0m[1m{[0m[3muri[0m[2m=[0m/btcbalance [3mrequest_id[0m[2m=[0m4c5b15da-07ef-490f-b571-b8c5d381235c[1m}[0m[2m:[0m [2mrgb_lightning_node::routes[0m[2m:[0m Address: tb1pluxulyju8lg38exg3xqjp3nekru2qduz3qknmsvc4w8dvxzlwnsq2k2zre
[2m2025-11-02T15:10:27.577630Z[0m [32m INFO[0m [1mrequest[0m[1m{[0m[3muri[0m[2m=[0m/btcbalance [3mrequest_id[0m[2m=[0m4c5b15da-07ef-490f-b571-b8c5d381235c[1m}[0m[2m:[0m [2mrgb_lightning_node::routes[0m[2m:[0m Address: tb1pqye79z30lwdjlmgt23kayltxgwfts8cdczcns329jawwlcvj2vtsxt98q7
[2m2025-11-02T15:10:27.577690Z[0m [32m INFO[0m [1mrequest[0m[1m{[0m[3muri[0m[2m=[0m/btcbalance [3mrequest_id[0m[2m=[0m4c5b15da-07ef-490f-b571-b8c5d381235c[1m}[0m[2m:[0m [2mrgb_lightning_node::routes[0m[2m:[0m Address: tb1p79ttta3mw9myauefun7360lqkm2yhayl3shluv5mw3h47xf2juuqpqtyan
[2m2025-11-02T15:10:27.577747Z[0m [32m INFO[0m [1mrequest[0m[1m{[0m[3muri[0m[2m=[0m/btcbalance [3mrequest_id[0m[2m=[0m4c5b15da-07ef-490f-b571-b8c5d381235c[1m}[0m[2m:[0m [2mrgb_lightning_node::routes[0m[2m:[0m Address: tb1p0304ngy3cs6yxahx05jmnhjm3j94mwzy6y7ya6hen3fx26du0f7s3rfvmv
[2m2025-11-02T15:10:27.577805Z[0m [32m INFO[0m [1mrequest[0m[1m{[0m[3muri[0m[2m=[0m/btcbalance [3mrequest_id[0m[2m=[0m4c5b15da-07ef-490f-b571-b8c5d381235c[1m}[0m[2m:[0m [2mrgb_lightning_node::routes[0m[2m:[0m Address: tb1p9qylqu8qpkmpfzmwchdzl9p5zw304nl047u3naw3aeghxyfv0zqqghlnp9
[2m2025-11-02T15:10:27.577850Z[0m [32m INFO[0m [1mrequest[0m[1m{[0m[3muri[0m[2m=[0m/btcbalance [3mrequest_id[0m[2m=[0m4c5b15da-07ef-490f-b571-b8c5d381235c[1m}[0m[2m:[0m [2mrgb_lightning_node::routes[0m[2m:[0m Address: tb1pjf0myz38chts6dwzfjn8uuw7kpe9762ky6zq47rcru06vp9tpunq3te0lk
[2m2025-11-02T15:10:27.577893Z[0m [32m INFO[0m [1mrequest[0m[1m{[0m[3muri[0m[2m=[0m/btcbalance [3mrequest_id[0m[2m=[0m4c5b15da-07ef-490f-b571-b8c5d381235c[1m}[0m[2m:[0m [2mrgb_lightning_node::routes[0m[2m:[0m Address: tb1p45pwey3phv7uz5239mzhrup62m8zpvd67p6vlnhcgxd7jpgslzqskutg8a
[2m2025-11-02T15:10:27.577937Z[0m [32m INFO[0m [1mrequest[0m[1m{[0m[3muri[0m[2m=[0m/btcbalance [3mrequest_id[0m[2m=[0m4c5b15da-07ef-490f-b571-b8c5d381235c[1m}[0m[2m:[0m [2mrgb_lightning_node::routes[0m[2m:[0m Address: tb1pnjehzw3nj0n0rhphw96gy8rsaz4w7mpz9fv38rahjkp2snqcq8qql8qm0g
[2m2025-11-02T15:10:27.577984Z[0m [32m INFO[0m [1mrequest[0m[1m{[0m[3muri[0m[2m=[0m/btcbalance [3mrequest_id[0m[2m=[0m4c5b15da-07ef-490f-b571-b8c5d381235c[1m}[0m[2m:[0m [2mrgb_lightning_node::routes[0m[2m:[0m Address: tb1pyv2nc8c5uh6vdg2e43cumwepw632h637gnc3dh45nu5aewksj4csjlnrq8
[2m2025-11-02T15:10:27.578030Z[0m [32m INFO[0m [1mrequest[0m[1m{[0m[3muri[0m[2m=[0m/btcbalance [3mrequest_id[0m[2m=[0m4c5b15da-07ef-490f-b571-b8c5d381235c[1m}[0m[2m:[0m [2mrgb_lightning_node::routes[0m[2m:[0m Address: tb1pyqn3sysszc4wx4wtvuq22lmq2876wcya7p2xxnukxmwweuz5a0cq8sce6r
[2m2025-11-02T15:10:27.578080Z[0m [32m INFO[0m [1mrequest[0m[1m{[0m[3muri[0m[2m=[0m/btcbalance [3mrequest_id[0m[2m=[0m4c5b15da-07ef-490f-b571-b8c5d381235c[1m}[0m[2m:[0m [2mrgb_lightning_node::routes[0m[2m:[0m Address: tb1pvq9fw7w59ve3us3rp0xcjvwuf892tydrtjghfvsm4gvlhrxkkzvsvxkw88
[2m2025-11-02T15:10:27.578124Z[0m [32m INFO[0m [1mrequest[0m[1m{[0m[3muri[0m[2m=[0m/btcbalance [3mrequest_id[0m[2m=[0m4c5b15da-07ef-490f-b571-b8c5d381235c[1m}[0m[2m:[0m [2mrgb_lightning_node::routes[0m[2m:[0m Address: tb1pu0jzt87vprk9m0k4zeycd65gy4h6ypccrmwr3purqesst7v2hetsaup3ns
[2m2025-11-02T15:10:27.578166Z[0m [32m INFO[0m [1mrequest[0m[1m{[0m[3muri[0m[2m=[0m/btcbalance [3mrequest_id[0m[2m=[0m4c5b15da-07ef-490f-b571-b8c5d381235c[1m}[0m[2m:[0m [2mrgb_lightning_node::routes[0m[2m:[0m Address: tb1p830nws99df9d2fa3hmmnu26j2x0v6nu528fql77zdtrn9hza0zjs7j26a2
[2m2025-11-02T15:10:27.578208Z[0m [32m INFO[0m [1mrequest[0m[1m{[0m[3muri[0m[2m=[0m/btcbalance [3mrequest_id[0m[2m=[0m4c5b15da-07ef-490f-b571-b8c5d381235c[1m}[0m[2m:[0m [2mrgb_lightning_node::routes[0m[2m:[0m Address: tb1pwuemurd5q55xkamyf89kwcje8qgh6243lmd7ed2ykfsyle7h29hsmhj64n
[2m2025-11-02T15:10:27.578262Z[0m [32m INFO[0m [1mrequest[0m[1m{[0m[3muri[0m[2m=[0m/btcbalance [3mrequest_id[0m[2m=[0m4c5b15da-07ef-490f-b571-b8c5d381235c[1m}[0m[2m:[0m [2mrgb_lightning_node::routes[0m[2m:[0m Address: tb1p7cx3avkrt6m9p2r84n7073clnv4q0hj4n44vehr6r70vhumxhqjsm24t6x
[2m2025-11-02T15:10:27.578321Z[0m [32m INFO[0m [1mrequest[0m[1m{[0m[3muri[0m[2m=[0m/btcbalance [3mrequest_id[0m[2m=[0m4c5b15da-07ef-490f-b571-b8c5d381235c[1m}[0m[2m:[0m [2mrgb_lightning_node::routes[0m[2m:[0m Address: tb1pe7m9zxtd4cc8qmczx5hhfpf6x7svumgj5zj0kyegcgvxdte5av0q8t28x7
[2m2025-11-02T15:10:27.578384Z[0m [32m INFO[0m [1mrequest[0m[1m{[0m[3muri[0m[2m=[0m/btcbalance [3mrequest_id[0m[2m=[0m4c5b15da-07ef-490f-b571-b8c5d381235c[1m}[0m[2m:[0m [2mrgb_lightning_node::routes[0m[2m:[0m Address: tb1pee3ncv7lf0w02wf478k4uqa6qv944xl5djenu4getwh4j9ghv42qjxwptr
[2m2025-11-02T15:10:27.578451Z[0m [32m INFO[0m [1mrequest[0m[1m{[0m[3muri[0m[2m=[0m/btcbalance [3mrequest_id[0m[2m=[0m4c5b15da-07ef-490f-b571-b8c5d381235c[1m}[0m[2m:[0m [2mrgb_lightning_node::routes[0m[2m:[0m Address: tb1px8r5mjn3xyv6k203vrsv5qy97f449ga4678pm3syt3pn3sd9fxnsgajd4u
[2m2025-11-02T15:10:27.578512Z[0m [32m INFO[0m [1mrequest[0m[1m{[0m[3muri[0m[2m=[0m/btcbalance [3mrequest_id[0m[2m=[0m4c5b15da-07ef-490f-b571-b8c5d381235c[1m}[0m[2m:[0m [2mrgb_lightning_node::routes[0m[2m:[0m Address: tb1pd8rksyyp02rs9n0s06a8dpud9qjgqaadspgqfs8g0p4nglzf5gzsy3frnw
[2m2025-11-02T15:10:27.578590Z[0m [32m INFO[0m [1mrequest[0m[1m{[0m[3muri[0m[2m=[0m/btcbalance [3mrequest_id[0m[2m=[0m4c5b15da-07ef-490f-b571-b8c5d381235c[1m}[0m[2m:[0m [2mrgb_lightning_node::routes[0m[2m:[0m Address: tb1ps6ej28d0y727qlclm6zdpwp4yh2kcdkas3h3v77hlqs7f2g7tuas36f9dh
[2m2025-11-02T15:10:27.578654Z[0m [32m INFO[0m [1mrequest[0m[1m{[0m[3muri[0m[2m=[0m/btcbalance [3mrequest_id[0m[2m=[0m4c5b15da-07ef-490f-b571-b8c5d381235c[1m}[0m[2m:[0m [2mrgb_lightning_node::routes[0m[2m:[0m Address: tb1p8detfvy7qshyxphspfqnpzx2d82yreeu88kvvxwcpngsljk7zgmsfdvqdz
[2m2025-11-02T15:10:27.578720Z[0m [32m INFO[0m [1mrequest[0m[1m{[0m[3muri[0m[2m=[0m/btcbalance [3mrequest_id[0m[2m=[0m4c5b15da-07ef-490f-b571-b8c5d381235c[1m}[0m[2m:[0m [2mrgb_lightning_node::routes[0m[2m:[0m Address: tb1p8p8rqn6uv4ptqnden6kgcx633nx4dx33dzpqa04dxpr6cy6cs2zswa3j3j
[2m2025-11-02T15:10:27.578786Z[0m [32m INFO[0m [1mrequest[0m[1m{[0m[3muri[0m[2m=[0m/btcbalance [3mrequest_id[0m[2m=[0m4c5b15da-07ef-490f-b571-b8c5d381235c[1m}[0m[2m:[0m [2mrgb_lightning_node::routes[0m[2m:[0m Address: tb1pdf8m0w8qtutvgmv4cvlsz2aez0503qyqt3d2z4u64gk964st7hwsllfuxc
[2m2025-11-02T15:10:27.578852Z[0m [32m INFO[0m [1mrequest[0m[1m{[0m[3muri[0m[2m=[0m/btcbalance [3mrequest_id[0m[2m=[0m4c5b15da-07ef-490f-b571-b8c5d381235c[1m}[0m[2m:[0m [2mrgb_lightning_node::routes[0m[2m:[0m Address: tb1p56k4754cj67en272tgwxjy0cw70g426hm4kafwj5ye7h3xu2uw0qqngtvq
[2m2025-11-02T15:10:27.578926Z[0m [32m INFO[0m [1mrequest[0m[1m{[0m[3muri[0m[2m=[0m/btcbalance [3mrequest_id[0m[2m=[0m4c5b15da-07ef-490f-b571-b8c5d381235c[1m}[0m[2m:[0m [2mrgb_lightning_node::routes[0m[2m:[0m Address: tb1pyytpwhsvnev5pr0n40dajmsatnklk4v6dq2cuvdscxkeuusvttps7mk2z2
[2m2025-11-02T15:10:27.578993Z[0m [32m INFO[0m [1mrequest[0m[1m{[0m[3muri[0m[2m=[0m/btcbalance [3mrequest_id[0m[2m=[0m4c5b15da-07ef-490f-b571-b8c5d381235c[1m}[0m[2m:[0m [2mrgb_lightning_node::routes[0m[2m:[0m Address: tb1p0xgtla7uywrzdskp47edz3utd50cqfrr4v7nftl8yqrh50zaga7skedrhn
[2m2025-11-02T15:10:27.579058Z[0m [32m INFO[0m [1mrequest[0m[1m{[0m[3muri[0m[2m=[0m/btcbalance [3mrequest_id[0m[2m=[0m4c5b15da-07ef-490f-b571-b8c5d381235c[1m}[0m[2m:[0m [2mrgb_lightning_node::routes[0m[2m:[0m Address: tb1p5lf6dwpyquyrldlsw2uux6tfrzs30exj5ve703uftncq3ux2zmpquxnr3d
[2m2025-11-02T15:10:27.579124Z[0m [32m INFO[0m [1mrequest[0m[1m{[0m[3muri[0m[2m=[0m/btcbalance [3mrequest_id[0m[2m=[0m4c5b15da-07ef-490f-b571-b8c5d381235c[1m}[0m[2m:[0m [2mrgb_lightning_node::routes[0m[2m:[0m Address: tb1pu8wqm30qaakz40ggact90uvtxxlsfvfzdnnkeuapgrfupxglt2rqkmpk5s
[2m2025-11-02T15:10:27.579191Z[0m [32m INFO[0m [1mrequest[0m[1m{[0m[3muri[0m[2m=[0m/btcbalance [3mrequest_id[0m[2m=[0m4c5b15da-07ef-490f-b571-b8c5d381235c[1m}[0m[2m:[0m [2mrgb_lightning_node::routes[0m[2m:[0m Address: tb1prvw8qm7sa6g046hg5hys620c8zyeeg2a6kz8yncrsh4e08400uasn5wpte
[2m2025-11-02T15:10:27.579258Z[0m [32m INFO[0m [1mrequest[0m[1m{[0m[3muri[0m[2m=[0m/btcbalance [3mrequest_id[0m[2m=[0m4c5b15da-07ef-490f-b571-b8c5d381235c[1m}[0m[2m:[0m [2mrgb_lightning_node::routes[0m[2m:[0m Address: tb1pswl4h92ereagst6pnc4a5pu9cndmlpvy5l6tgthe77w9yk58jc8qqv4px0
[2m2025-11-02T15:10:27.579337Z[0m [32m INFO[0m [1mrequest[0m[1m{[0m[3muri[0m[2m=[0m/btcbalance [3mrequest_id[0m[2m=[0m4c5b15da-07ef-490f-b571-b8c5d381235c[1m}[0m[2m:[0m [2mrgb_lightning_node::routes[0m[2m:[0m Address: tb1p5x7avxl4j538l8vrmay05pd6h2jkzp4huzpk5c8ldvwn2qjxtq8smk499g
[2m2025-11-02T15:10:27.579401Z[0m [32m INFO[0m [1mrequest[0m[1m{[0m[3muri[0m[2m=[0m/btcbalance [3mrequest_id[0m[2m=[0m4c5b15da-07ef-490f-b571-b8c5d381235c[1m}[0m[2m:[0m [2mrgb_lightning_node::routes[0m[2m:[0m Address: tb1p9t48ena75nm33tk89sfd6xw6q3kkmheq07sgg5fngt4vfkrzhfvsdaccgw
[2m2025-11-02T15:10:27.579466Z[0m [32m INFO[0m [1mrequest[0m[1m{[0m[3muri[0m[2m=[0m/btcbalance [3mrequest_id[0m[2m=[0m4c5b15da-07ef-490f-b571-b8c5d381235c[1m}[0m[2m:[0m [2mrgb_lightning_node::routes[0m[2m:[0m Address: tb1p5xtegn4ut4z6ahutthae2dgpw063lc2xspr4rzgljq0r8ageuq7s0jyg3p
[2m2025-11-02T15:10:27.579540Z[0m [32m INFO[0m [1mrequest[0m[1m{[0m[3muri[0m[2m=[0m/btcbalance [3mrequest_id[0m[2m=[0m4c5b15da-07ef-490f-b571-b8c5d381235c[1m}[0m[2m:[0m [2mrgb_lightning_node::routes[0m[2m:[0m Address: tb1pxc0dsy63kalw25up5fw4gr68m2p7k5jekfszgrs0sm97f9k6nnuqzllvhq
[2m2025-11-02T15:10:27.579602Z[0m [32m INFO[0m [1mrequest[0m[1m{[0m[3muri[0m[2m=[0m/btcbalance [3mrequest_id[0m[2m=[0m4c5b15da-07ef-490f-b571-b8c5d381235c[1m}[0m[2m:[0m [2mrgb_lightning_node::routes[0m[2m:[0m Address: tb1p58yr62uzzdrnyf2duevuq295jsna5mavyf8sw70zwcqv99j2jvxq35mrz8
[2m2025-11-02T15:10:27.579653Z[0m [32m INFO[0m [1mrequest[0m[1m{[0m[3muri[0m[2m=[0m/btcbalance [3mrequest_id[0m[2m=[0m4c5b15da-07ef-490f-b571-b8c5d381235c[1m}[0m[2m:[0m [2mrgb_lightning_node::routes[0m[2m:[0m Address: tb1pwuhgj5m7c8ahqgp0d6we3cw2nwzg9euzf6rqd6dpnmp3wfve2amsm879ul
[2m2025-11-02T15:10:27.579705Z[0m [32m INFO[0m [1mrequest[0m[1m{[0m[3muri[0m[2m=[0m/btcbalance [3mrequest_id[0m[2m=[0m4c5b15da-07ef-490f-b571-b8c5d381235c[1m}[0m[2m:[0m [2mrgb_lightning_node::routes[0m[2m:[0m Address: tb1pcv6n6fafe0achhu9pppqwjssltzpgyeffzcqmntveqf82hl73dxspuy6xc
[2m2025-11-02T15:10:27.579763Z[0m [32m INFO[0m [1mrequest[0m[1m{[0m[3muri[0m[2m=[0m/btcbalance [3mrequest_id[0m[2m=[0m4c5b15da-07ef-490f-b571-b8c5d381235c[1m}[0m[2m:[0m [2mrgb_lightning_node::routes[0m[2m:[0m Address: tb1pvqwlykhpphp79smzvlyhtx3pl7gehl9pjnw0puxlhqef8wd54lgq220vu7
[2m2025-11-02T15:10:27.579813Z[0m [32m INFO[0m [1mrequest[0m[1m{[0m[3muri[0m[2m=[0m/btcbalance [3mrequest_id[0m[2m=[0m4c5b15da-07ef-490f-b571-b8c5d381235c[1m}[0m[2m:[0m [2mrgb_lightning_node::routes[0m[2m:[0m Address: tb1pfrgwq5c2gw5g8anag54qwrdqcejxfjlx55v2apkk0ctg8mu0qu0q45e42t
[2m2025-11-02T15:10:27.579862Z[0m [32m INFO[0m [1mrequest[0m[1m{[0m[3muri[0m[2m=[0m/btcbalance [3mrequest_id[0m[2m=[0m4c5b15da-07ef-490f-b571-b8c5d381235c[1m}[0m[2m:[0m [2mrgb_lightning_node::routes[0m[2m:[0m Address: tb1ph84fq50kgn6cfp5vvx5knfkhqucntvu5lsj6q39gyh5jjsrxptlslwyv6s
[2m2025-11-02T15:10:27.579910Z[0m [32m INFO[0m [1mrequest[0m[1m{[0m[3muri[0m[2m=[0m/btcbalance [3mrequest_id[0m[2m=[0m4c5b15da-07ef-490f-b571-b8c5d381235c[1m}[0m[2m:[0m [2mrgb_lightning_node::routes[0m[2m:[0m Address: tb1ppjdr7j239uw8hmnkpazxl8fg4zjseuj05e39ak6cy077nqga20kqm2nfzl
[2m2025-11-02T15:10:27.579959Z[0m [32m INFO[0m [1mrequest[0m[1m{[0m[3muri[0m[2m=[0m/btcbalance [3mrequest_id[0m[2m=[0m4c5b15da-07ef-490f-b571-b8c5d381235c[1m}[0m[2m:[0m [2mrgb_lightning_node::routes[0m[2m:[0m Address: tb1psrqdrudv7hxq0p06a0p4umgt26dfxsu9j9r7rjlrlvayyxwada8s4sy0c8
[2m2025-11-02T15:10:27.580007Z[0m [32m INFO[0m [1mrequest[0m[1m{[0m[3muri[0m[2m=[0m/btcbalance [3mrequest_id[0m[2m=[0m4c5b15da-07ef-490f-b571-b8c5d381235c[1m}[0m[2m:[0m [2mrgb_lightning_node::routes[0m[2m:[0m Address: tb1pd8u6vgmd5vvtnhyg0dhhs4sw0fxamwfaf9u6687u8x3sryz0lqvq7hhleh
[2m2025-11-02T15:10:27.580056Z[0m [32m INFO[0m [1mrequest[0m[1m{[0m[3muri[0m[2m=[0m/btcbalance [3mrequest_id[0m[2m=[0m4c5b15da-07ef-490f-b571-b8c5d381235c[1m}[0m[2m:[0m [2mrgb_lightning_node::routes[0m[2m:[0m Address: tb1pynpt9628gc624mpuqvydx6lc6wy8lfdwr5cr69guuwhxkxdh8tgqx0sne7
[2m2025-11-02T15:10:27.580107Z[0m [32m INFO[0m [1mrequest[0m[1m{[0m[3muri[0m[2m=[0m/btcbalance [3mrequest_id[0m[2m=[0m4c5b15da-07ef-490f-b571-b8c5d381235c[1m}[0m[2m:[0m [2mrgb_lightning_node::routes[0m[2m:[0m Address: tb1p7dp8cfhfjdxjumxxh29t73jdhtmlyw3x5gzfrswkedy4kznz3ggsth67gl
[2m2025-11-02T15:10:27.580158Z[0m [32m INFO[0m [1mrequest[0m[1m{[0m[3muri[0m[2m=[0m/btcbalance [3mrequest_id[0m[2m=[0m4c5b15da-07ef-490f-b571-b8c5d381235c[1m}[0m[2m:[0m [2mrgb_lightning_node::routes[0m[2m:[0m Address: tb1pe6mr9z76vt0uepj2gyl0dd3xqsp2mzgsgr0ycvv2tjz0jt94kg8srp9xmv
[2m2025-11-02T15:10:27.580206Z[0m [32m INFO[0m [1mrequest[0m[1m{[0m[3muri[0m[2m=[0m/btcbalance [3mrequest_id[0m[2m=[0m4c5b15da-07ef-490f-b571-b8c5d381235c[1m}[0m[2m:[0m [2mrgb_lightning_node::routes[0m[2m:[0m Address: tb1part4chuvl3cgh93ndyqhgtfcqk2j9vace5eyl5sjych682kqkpsq8n2f87
[2m2025-11-02T15:10:27.580246Z[0m [32m INFO[0m [1mrequest[0m[1m{[0m[3muri[0m[2m=[0m/btcbalance [3mrequest_id[0m[2m=[0m4c5b15da-07ef-490f-b571-b8c5d381235c[1m}[0m[2m:[0m [2mrgb_lightning_node::routes[0m[2m:[0m Address: tb1phhymsf2ykn4axv6la0r4922vkpncmwlds3gajuvatqwmxr0w96hqkw50zf
[2m2025-11-02T15:10:27.580281Z[0m [32m INFO[0m [1mrequest[0m[1m{[0m[3muri[0m[2m=[0m/btcbalance [3mrequest_id[0m[2m=[0m4c5b15da-07ef-490f-b571-b8c5d381235c[1m}[0m[2m:[0m [2mrgb_lightning_node::routes[0m[2m:[0m Address: tb1p38lr772kmdgmerukaczeqwjpkf6ty736m48vawuu8mxa2wvmf3fsskxscn
[2m2025-11-02T15:10:27.580315Z[0m [32m INFO[0m [1mrequest[0m[1m{[0m[3muri[0m[2m=[0m/btcbalance [3mrequest_id[0m[2m=[0m4c5b15da-07ef-490f-b571-b8c5d381235c[1m}[0m[2m:[0m [2mrgb_lightning_node::routes[0m[2m:[0m Address: tb1p0g6wz0209l4qrt6dzesf248gg7qdgv3cp58dfrp06hmvyt6m7npq6muuvk
[2m2025-11-02T15:10:27.580350Z[0m [32m INFO[0m [1mrequest[0m[1m{[0m[3muri[0m[2m=[0m/btcbalance [3mrequest_id[0m[2m=[0m4c5b15da-07ef-490f-b571-b8c5d381235c[1m}[0m[2m:[0m [2mrgb_lightning_node::routes[0m[2m:[0m Address: tb1pceqyqhsvm8cyay6yfda54676frlt60a9zuj4sayay73lnqpn6y5sdgc5px
[2m2025-11-02T15:10:27.580392Z[0m [32m INFO[0m [1mrequest[0m[1m{[0m[3muri[0m[2m=[0m/btcbalance [3mrequest_id[0m[2m=[0m4c5b15da-07ef-490f-b571-b8c5d381235c[1m}[0m[2m:[0m [2mrgb_lightning_node::routes[0m[2m:[0m Address: tb1plj68pveatg6dn20kkhryn2ssxvn8924l6uk695f4fvd2xltd2vkqn5f6td
[2m2025-11-02T15:10:27.580440Z[0m [32m INFO[0m [1mrequest[0m[1m{[0m[3muri[0m[2m=[0m/btcbalance [3mrequest_id[0m[2m=[0m4c5b15da-07ef-490f-b571-b8c5d381235c[1m}[0m[2m:[0m [2mrgb_lightning_node::routes[0m[2m:[0m Address: tb1pj50jpf3c7hhf9zt5962ar7ms4wrqmeh6hvnepg4pxdf2au0gx83qwrpzfc
[2m2025-11-02T15:10:27.580489Z[0m [32m INFO[0m [1mrequest[0m[1m{[0m[3muri[0m[2m=[0m/btcbalance [3mrequest_id[0m[2m=[0m4c5b15da-07ef-490f-b571-b8c5d381235c[1m}[0m[2m:[0m [2mrgb_lightning_node::routes[0m[2m:[0m Address: tb1pq7m5c3dm6sue655wclscalfkmn9d5tfckrjwfnj3qkkw280fh29smq6v9t
[2m2025-11-02T15:10:27.580547Z[0m [32m INFO[0m [1mrequest[0m[1m{[0m[3muri[0m[2m=[0m/btcbalance [3mrequest_id[0m[2m=[0m4c5b15da-07ef-490f-b571-b8c5d381235c[1m}[0m[2m:[0m [2mrgb_lightning_node::routes[0m[2m:[0m Address: tb1p6krqnnkpzaz8vl93knrzxc0kc7h0jdaautdmwzgdc7er955tm54szvumcd
[2m2025-11-02T15:12:48.608106Z[0m [32m INFO[0m [1mrequest[0m[1m{[0m[3muri[0m[2m=[0m/btcbalance [3mrequest_id[0m[2m=[0m4c5b15da-07ef-490f-b571-b8c5d381235c[1m}[0m[2m:[0m [2mrgb_lightning_node::routes[0m[2m:[0m User 5984120724 balance: 3490 sats
[2m2025-11-02T15:12:48.608655Z[0m [32m INFO[0m [1mrequest[0m[1m{[0m[3muri[0m[2m=[0m/btcbalance [3mrequest_id[0m[2m=[0m4c5b15da-07ef-490f-b571-b8c5d381235c [3mstatus_code[0m[2m=[0m200 OK[1m}[0m[2m:[0m [2mrgb_lightning_node[0m[2m:[0m ENDED in 141.042233298s
[2m2025-11-02T15:12:49.870845Z[0m [32m INFO[0m [1mrequest[0m[1m{[0m[3muri[0m[2m=[0m/virtual_transfer [3mrequest_id[0m[2m=[0mc22fd2c4-4de2-42cc-a32f-ac7b38012b6d[1m}[0m[2m:[0m [2mrgb_lightning_node[0m[2m:[0m STARTED
[2m2025-11-02T15:12:49.871046Z[0m [32m INFO[0m [1mrequest[0m[1m{[0m[3muri[0m[2m=[0m/virtual_transfer [3mrequest_id[0m[2m=[0mc22fd2c4-4de2-42cc-a32f-ac7b38012b6d[1m}[0m[2m:[0m [2mrgb_lightning_node::routes[0m[2m:[0m Virtual transfer request: user 5984120724 -> user 6512903955 (100 sats)
[2m2025-11-02T15:15:10.087984Z[0m [32m INFO[0m [1mrequest[0m[1m{[0m[3muri[0m[2m=[0m/virtual_transfer [3mrequest_id[0m[2m=[0mc22fd2c4-4de2-42cc-a32f-ac7b38012b6d[1m}[0m[2m:[0m [2mrgb_lightning_node::routes[0m[2m:[0m Balance check passed: user 5984120724 has 3490 sats, transferring 100 sats
[2m2025-11-02T15:15:10.088261Z[0m [32m INFO[0m [1mrequest[0m[1m{[0m[3muri[0m[2m=[0m/virtual_transfer [3mrequest_id[0m[2m=[0mc22fd2c4-4de2-42cc-a32f-ac7b38012b6d[1m}[0m[2m:[0m [2mrgb_lightning_node::virtual_balance[0m[2m:[0m Creating REAL Bitcoin transfer: 5984120724 -> 6512903955 (100 sats)
[2m2025-11-02T15:19:50.531295Z[0m [32m INFO[0m [2msqlx::query[0m[2m:[0m [3msummary[0m[2m=[0m"PRAGMA foreign_keys = ON; …" [3mdb.statement[0m[2m=[0m"\n\nPRAGMA foreign_keys = ON; \n" [3mrows_affected[0m[2m=[0m0 [3mrows_returned[0m[2m=[0m0 [3melapsed[0m[2m=[0m135.114µs [3melapsed_secs[0m[2m=[0m0.000135114
[2m2025-11-02T15:22:57.602463Z[0m [32m INFO[0m [1mrequest[0m[1m{[0m[3muri[0m[2m=[0m/sendbtc [3mrequest_id[0m[2m=[0m05ce4164-e3d2-4816-bd1d-39203122c8c5[1m}[0m[2m:[0m [2mrgb_lightning_node[0m[2m:[0m STARTED
[2m2025-11-02T15:22:57.604001Z[0m [33m WARN[0m [2melectrum_client::client[0m[2m:[0m call 'block_headers_subscribe_raw' failed with EOF while parsing a value at line 1 column 0, retry: 1/3    
[2m2025-11-02T15:22:59.612083Z[0m [32m INFO[0m [2melectrum_client::raw_client[0m[2m:[0m Trying to connect to 34.154.172.18:50013 (attempt 1/1) with timeout 10s    
[2m2025-11-02T15:22:59.750092Z[0m [32m INFO[0m [2melectrum_client::client[0m[2m:[0m Succesfully created new client    
[2m2025-11-02T15:23:02.145395Z[0m [32m INFO[0m [2msqlx::query[0m[2m:[0m [3msummary[0m[2m=[0m"SELECT \"txo\".\"idx\", \"txo\".\"txid\", \"txo\".\"vout\", …" [3mdb.statement[0m[2m=[0m"\n\nSELECT \"txo\".\"idx\", \"txo\".\"txid\", \"txo\".\"vout\", \"txo\".\"btc_amount\", \"txo\".\"spent\", \"txo\".\"exists\", \"txo\".\"pending_witness\" FROM \"txo\"\n" [3mrows_affected[0m[2m=[0m0 [3mrows_returned[0m[2m=[0m0 [3melapsed[0m[2m=[0m386.942µs [3melapsed_secs[0m[2m=[0m0.000386942
[2m2025-11-02T15:23:02.146097Z[0m [32m INFO[0m [2msqlx::query[0m[2m:[0m [3msummary[0m[2m=[0m"PRAGMA foreign_keys = ON; …" [3mdb.statement[0m[2m=[0m"\n\nPRAGMA foreign_keys = ON; \n" [3mrows_affected[0m[2m=[0m0 [3mrows_returned[0m[2m=[0m0 [3melapsed[0m[2m=[0m28.723µs [3melapsed_secs[0m[2m=[0m2.8723e-5
[2m2025-11-02T15:23:02.146640Z[0m [32m INFO[0m [2msqlx::query[0m[2m:[0m [3msummary[0m[2m=[0m"SELECT \"pending_witness_script\".\"idx\", \"pending_witness_script\".\"script\" FROM …" [3mdb.statement[0m[2m=[0m"\n\nSELECT \"pending_witness_script\".\"idx\", \"pending_witness_script\".\"script\" FROM \"pending_witness_script\"\n" [3mrows_affected[0m[2m=[0m0 [3mrows_returned[0m[2m=[0m0 [3melapsed[0m[2m=[0m358.469µs [3melapsed_secs[0m[2m=[0m0.000358469
[2m2025-11-02T15:23:02.147036Z[0m [32m INFO[0m [2msqlx::query[0m[2m:[0m [3msummary[0m[2m=[0m"SELECT \"txo\".\"idx\", \"txo\".\"txid\", \"txo\".\"vout\", …" [3mdb.statement[0m[2m=[0m"\n\nSELECT \"txo\".\"idx\", \"txo\".\"txid\", \"txo\".\"vout\", \"txo\".\"btc_amount\", \"txo\".\"spent\", \"txo\".\"exists\", \"txo\".\"pending_witness\" FROM \"txo\"\n" [3mrows_affected[0m[2m=[0m0 [3mrows_returned[0m[2m=[0m0 [3melapsed[0m[2m=[0m26.767µs [3melapsed_secs[0m[2m=[0m2.6767e-5
[2m2025-11-02T15:23:02.148572Z[0m [31mERROR[0m [1mrequest[0m[1m{[0m[3muri[0m[2m=[0m/sendbtc [3mrequest_id[0m[2m=[0m05ce4164-e3d2-4816-bd1d-39203122c8c5[1m}[0m[2m:[0m [2mrgb_lightning_node::error[0m[2m:[0m APIError: Output below the dust limit
[2m2025-11-02T15:23:02.148728Z[0m [32m INFO[0m [1mrequest[0m[1m{[0m[3muri[0m[2m=[0m/sendbtc [3mrequest_id[0m[2m=[0m05ce4164-e3d2-4816-bd1d-39203122c8c5 [3mstatus_code[0m[2m=[0m400 Bad Request[1m}[0m[2m:[0m [2mrgb_lightning_node[0m[2m:[0m ENDED in 4.546404839s
[2m2025-11-02T15:23:31.369255Z[0m [32m INFO[0m [1mrequest[0m[1m{[0m[3muri[0m[2m=[0m/sendbtc [3mrequest_id[0m[2m=[0mf2036d60-5c42-4f3f-8479-0550539f410c[1m}[0m[2m:[0m [2mrgb_lightning_node[0m[2m:[0m STARTED
[2m2025-11-02T15:23:33.218431Z[0m [32m INFO[0m [2msqlx::query[0m[2m:[0m [3msummary[0m[2m=[0m"SELECT \"txo\".\"idx\", \"txo\".\"txid\", \"txo\".\"vout\", …" [3mdb.statement[0m[2m=[0m"\n\nSELECT \"txo\".\"idx\", \"txo\".\"txid\", \"txo\".\"vout\", \"txo\".\"btc_amount\", \"txo\".\"spent\", \"txo\".\"exists\", \"txo\".\"pending_witness\" FROM \"txo\"\n" [3mrows_affected[0m[2m=[0m0 [3mrows_returned[0m[2m=[0m0 [3melapsed[0m[2m=[0m196.038µs [3melapsed_secs[0m[2m=[0m0.000196038
[2m2025-11-02T15:23:33.219275Z[0m [32m INFO[0m [2msqlx::query[0m[2m:[0m [3msummary[0m[2m=[0m"SELECT \"pending_witness_script\".\"idx\", \"pending_witness_script\".\"script\" FROM …" [3mdb.statement[0m[2m=[0m"\n\nSELECT \"pending_witness_script\".\"idx\", \"pending_witness_script\".\"script\" FROM \"pending_witness_script\"\n" [3mrows_affected[0m[2m=[0m0 [3mrows_returned[0m[2m=[0m0 [3melapsed[0m[2m=[0m113.019µs [3melapsed_secs[0m[2m=[0m0.000113019
[2m2025-11-02T15:23:33.219855Z[0m [32m INFO[0m [2msqlx::query[0m[2m:[0m [3msummary[0m[2m=[0m"SELECT \"txo\".\"idx\", \"txo\".\"txid\", \"txo\".\"vout\", …" [3mdb.statement[0m[2m=[0m"\n\nSELECT \"txo\".\"idx\", \"txo\".\"txid\", \"txo\".\"vout\", \"txo\".\"btc_amount\", \"txo\".\"spent\", \"txo\".\"exists\", \"txo\".\"pending_witness\" FROM \"txo\"\n" [3mrows_affected[0m[2m=[0m0 [3mrows_returned[0m[2m=[0m0 [3melapsed[0m[2m=[0m48.916µs [3melapsed_secs[0m[2m=[0m4.8916e-5
[2m2025-11-02T15:23:35.409872Z[0m [32m INFO[0m [2msqlx::query[0m[2m:[0m [3msummary[0m[2m=[0m"SELECT \"txo\".\"idx\", \"txo\".\"txid\", \"txo\".\"vout\", …" [3mdb.statement[0m[2m=[0m"\n\nSELECT \"txo\".\"idx\", \"txo\".\"txid\", \"txo\".\"vout\", \"txo\".\"btc_amount\", \"txo\".\"spent\", \"txo\".\"exists\", \"txo\".\"pending_witness\" FROM \"txo\"\n" [3mrows_affected[0m[2m=[0m0 [3mrows_returned[0m[2m=[0m0 [3melapsed[0m[2m=[0m126.894µs [3melapsed_secs[0m[2m=[0m0.000126894
[2m2025-11-02T15:23:35.411615Z[0m [32m INFO[0m [2msqlx::query[0m[2m:[0m [3msummary[0m[2m=[0m"SELECT \"pending_witness_script\".\"idx\", \"pending_witness_script\".\"script\" FROM …" [3mdb.statement[0m[2m=[0m"\n\nSELECT \"pending_witness_script\".\"idx\", \"pending_witness_script\".\"script\" FROM \"pending_witness_script\"\n" [3mrows_affected[0m[2m=[0m0 [3mrows_returned[0m[2m=[0m0 [3melapsed[0m[2m=[0m101.737µs [3melapsed_secs[0m[2m=[0m0.000101737
[2m2025-11-02T15:23:35.412539Z[0m [32m INFO[0m [1mrequest[0m[1m{[0m[3muri[0m[2m=[0m/sendbtc [3mrequest_id[0m[2m=[0mf2036d60-5c42-4f3f-8479-0550539f410c [3mstatus_code[0m[2m=[0m200 OK[1m}[0m[2m:[0m [2mrgb_lightning_node[0m[2m:[0m ENDED in 4.043300649s
[2m2025-11-02T15:29:50.533990Z[0m [32m INFO[0m [2msqlx::query[0m[2m:[0m [3msummary[0m[2m=[0m"PRAGMA foreign_keys = ON; …" [3mdb.statement[0m[2m=[0m"\n\nPRAGMA foreign_keys = ON; \n" [3mrows_affected[0m[2m=[0m0 [3mrows_returned[0m[2m=[0m0 [3melapsed[0m[2m=[0m133.131µs [3melapsed_secs[0m[2m=[0m0.000133131
[2m2025-11-02T15:39:50.537366Z[0m [32m INFO[0m [2msqlx::query[0m[2m:[0m [3msummary[0m[2m=[0m"PRAGMA foreign_keys = ON; …" [3mdb.statement[0m[2m=[0m"\n\nPRAGMA foreign_keys = ON; \n" [3mrows_affected[0m[2m=[0m0 [3mrows_returned[0m[2m=[0m0 [3melapsed[0m[2m=[0m135.813µs [3melapsed_secs[0m[2m=[0m0.000135813
[2m2025-11-02T15:44:50.889378Z[0m [32m INFO[0m [2msqlx::query[0m[2m:[0m [3msummary[0m[2m=[0m"PRAGMA foreign_keys = ON; …" [3mdb.statement[0m[2m=[0m"\n\nPRAGMA foreign_keys = ON; \n" [3mrows_affected[0m[2m=[0m0 [3mrows_returned[0m[2m=[0m0 [3melapsed[0m[2m=[0m134.175µs [3melapsed_secs[0m[2m=[0m0.000134175
[2m2025-11-02T15:49:50.891595Z[0m [32m INFO[0m [2msqlx::query[0m[2m:[0m [3msummary[0m[2m=[0m"PRAGMA foreign_keys = ON; …" [3mdb.statement[0m[2m=[0m"\n\nPRAGMA foreign_keys = ON; \n" [3mrows_affected[0m[2m=[0m0 [3mrows_returned[0m[2m=[0m0 [3melapsed[0m[2m=[0m78.82µs [3melapsed_secs[0m[2m=[0m7.882e-5
[2m2025-11-02T15:54:50.893883Z[0m [32m INFO[0m [2msqlx::query[0m[2m:[0m [3msummary[0m[2m=[0m"PRAGMA foreign_keys = ON; …" [3mdb.statement[0m[2m=[0m"\n\nPRAGMA foreign_keys = ON; \n" [3mrows_affected[0m[2m=[0m0 [3mrows_returned[0m[2m=[0m0 [3melapsed[0m[2m=[0m138.7µs [3melapsed_secs[0m[2m=[0m0.0001387
[2m2025-11-02T16:04:50.896558Z[0m [32m INFO[0m [2msqlx::query[0m[2m:[0m [3msummary[0m[2m=[0m"PRAGMA foreign_keys = ON; …" [3mdb.statement[0m[2m=[0m"\n\nPRAGMA foreign_keys = ON; \n" [3mrows_affected[0m[2m=[0m0 [3mrows_returned[0m[2m=[0m0 [3melapsed[0m[2m=[0m121.954µs [3melapsed_secs[0m[2m=[0m0.000121954
[2m2025-11-02T17:17:07.596600Z[0m [31mERROR[0m [2mrgb_lightning_node::ldk[0m[2m:[0m Error while polling best tip: BlockSourceError { kind: Transient, error: Custom { kind: Uncategorized, error: "failed to lookup address information: Temporary failure in name resolution" } }
[2m2025-11-02T17:17:08.600231Z[0m [31mERROR[0m [2mrgb_lightning_node::ldk[0m[2m:[0m Error while polling best tip: BlockSourceError { kind: Transient, error: Custom { kind: Uncategorized, error: "failed to lookup address information: Temporary failure in name resolution" } }
[2m2025-11-02T17:17:09.602188Z[0m [31mERROR[0m [2mrgb_lightning_node::ldk[0m[2m:[0m Error while polling best tip: BlockSourceError { kind: Transient, error: Custom { kind: Uncategorized, error: "failed to lookup address information: Temporary failure in name resolution" } }
[2m2025-11-02T17:17:10.604242Z[0m [31mERROR[0m [2mrgb_lightning_node::ldk[0m[2m:[0m Error while polling best tip: BlockSourceError { kind: Transient, error: Custom { kind: Uncategorized, error: "failed to lookup address information: Temporary failure in name resolution" } }
[2m2025-11-02T17:17:11.607884Z[0m [31mERROR[0m [2mrgb_lightning_node::ldk[0m[2m:[0m Error while polling best tip: BlockSourceError { kind: Transient, error: Custom { kind: Uncategorized, error: "failed to lookup address information: Temporary failure in name resolution" } }
[2m2025-11-02T17:18:47.286244Z[0m [32m INFO[0m [2msqlx::query[0m[2m:[0m [3msummary[0m[2m=[0m"PRAGMA foreign_keys = ON; …" [3mdb.statement[0m[2m=[0m"\n\nPRAGMA foreign_keys = ON; \n" [3mrows_affected[0m[2m=[0m0 [3mrows_returned[0m[2m=[0m0 [3melapsed[0m[2m=[0m149.578µs [3melapsed_secs[0m[2m=[0m0.000149578
[2m2025-11-02T17:26:06.127546Z[0m [32m INFO[0m [1mrequest[0m[1m{[0m[3muri[0m[2m=[0m/btcbalance [3mrequest_id[0m[2m=[0mabee3bfe-6237-492e-8e30-b90b2e64bb7e[1m}[0m[2m:[0m [2mrgb_lightning_node[0m[2m:[0m STARTED
[2m2025-11-02T17:26:06.128159Z[0m [32m INFO[0m [1mrequest[0m[1m{[0m[3muri[0m[2m=[0m/btcbalance [3mrequest_id[0m[2m=[0mabee3bfe-6237-492e-8e30-b90b2e64bb7e[1m}[0m[2m:[0m [2mrgb_lightning_node::routes[0m[2m:[0m btc_balance called with payload: Object {"user_id": String("5984120724")}
[2m2025-11-02T17:28:47.289787Z[0m [32m INFO[0m [2msqlx::query[0m[2m:[0m [3msummary[0m[2m=[0m"PRAGMA foreign_keys = ON; …" [3mdb.statement[0m[2m=[0m"\n\nPRAGMA foreign_keys = ON; \n" [3mrows_affected[0m[2m=[0m0 [3mrows_returned[0m[2m=[0m0 [3melapsed[0m[2m=[0m133.745µs [3melapsed_secs[0m[2m=[0m0.000133745
[2m2025-11-02T17:38:47.292125Z[0m [32m INFO[0m [2msqlx::query[0m[2m:[0m [3msummary[0m[2m=[0m"PRAGMA foreign_keys = ON; …" [3mdb.statement[0m[2m=[0m"\n\nPRAGMA foreign_keys = ON; \n" [3mrows_affected[0m[2m=[0m0 [3mrows_returned[0m[2m=[0m0 [3melapsed[0m[2m=[0m121.412µs [3melapsed_secs[0m[2m=[0m0.000121412
[2m2025-11-02T17:48:47.296001Z[0m [32m INFO[0m [2msqlx::query[0m[2m:[0m [3msummary[0m[2m=[0m"PRAGMA foreign_keys = ON; …" [3mdb.statement[0m[2m=[0m"\n\nPRAGMA foreign_keys = ON; \n" [3mrows_affected[0m[2m=[0m0 [3mrows_returned[0m[2m=[0m0 [3melapsed[0m[2m=[0m171.763µs [3melapsed_secs[0m[2m=[0m0.000171763
