๐ง Simple RGB Lightning Node Unlock (No Docker)
๐งน Cleaning up existing processes...
๐ Starting RGB Lightning Node on testnet...
โณ Waiting for node to start...
โณ Still waiting... (2/60 seconds)
โณ Still waiting... (4/60 seconds)
โณ Still waiting... (6/60 seconds)
โณ Still waiting... (8/60 seconds)
โณ Still waiting... (10/60 seconds)
โณ Still waiting... (12/60 seconds)
โณ Still waiting... (14/60 seconds)
โณ Still waiting... (16/60 seconds)
โณ Still waiting... (18/60 seconds)
โณ Still waiting... (20/60 seconds)
โณ Still waiting... (22/60 seconds)
โณ Still waiting... (24/60 seconds)
โณ Still waiting... (26/60 seconds)
โณ Still waiting... (28/60 seconds)
โณ Still waiting... (30/60 seconds)
โณ Still waiting... (32/60 seconds)
โณ Still waiting... (34/60 seconds)
โณ Still waiting... (36/60 seconds)
โณ Still waiting... (38/60 seconds)
โณ Still waiting... (40/60 seconds)
โณ Still waiting... (42/60 seconds)
โณ Still waiting... (44/60 seconds)
โณ Still waiting... (46/60 seconds)
โณ Still waiting... (48/60 seconds)
โณ Still waiting... (50/60 seconds)
โณ Still waiting... (52/60 seconds)
โณ Still waiting... (54/60 seconds)
โณ Still waiting... (56/60 seconds)
โณ Still waiting... (58/60 seconds)
โณ Still waiting... (60/60 seconds)
โ Node failed to start within 60 seconds
